teste 2
teste 2
teste 3
teste 10
teste 11
teste 33
teste 3333
teste 333
Novo Testaasfsasfdasdaae 2ddd1
Novo Testaasfsasfdasdaae 2ddd1
Novo Testaasfsasfdasdaae 2ddd1
Novo Testaasfsasfdasdaae 2ddd1
Novo Testaasfsasfdasdaae 2ddd1
Novo Testaasfsasfdasdaae 2ddd1
Novo Testaasfsasfdasdaae 2ddd1
Novo Testaasfsasfdasdaae 2ddd1
Novo Testaasfsasfdasdaae 2ddd1
Testando 2ddd1
Teste2 -
Teste2 -
Teste2 -
Teste2 -
Teste2 -
Teste2 -
Teste2 -
Teste2 -
Teste2 -
Teste2 -
Teste2 -
Teste2 -
Teste2 -
Teste2 -
Teste2 -
Teste2 -
Teste2 -
Teste2 -
Teste2 -
Teste2 -
Teste2 -
Teste2 -
Teste2 -
Teste2 -
Teste2 -
Teste2 -
Teste2 -
Teste2 -
Teste2 -
Teste2 -
Teste2 -
Teste2 -
Teste2 -
Teste2 -
Teste2 -
Teste2 -
Teste2 -
Teste2 -
Teste2 -
Teste2 -
Teste2 -
Teste2 -
Teste2 -
Teste2 -
Teste2 -
Teste2 -
Teste2 -
Teste2 -
Teste2 -
Teste2 -
Teste2 -
Teste2 -
Teste2 -
Teste2 -
Teste2 -
Teste2 -
Teste2 -
Teste2 -
Teste2 -
Teste2 -
Teste2 -
Teste2 -
Teste2 -
Teste2 -
Teste2 -
Teste2 -
Teste2 -
Teste2 -
Teste2 -
Teste2 -
Teste2 -
Teste2 -
Teste2 -
Teste2 -
Teste2 -
Teste2 -
Teste2 -
Teste2 -
Teste2 -
Teste2 -
Teste2 -
Teste2 -
Teste2 -
Teste2 -
Teste2 -
Teste2 -
Teste2 -
Teste2 -
Teste2 -
Teste2 -
Teste2 -
Teste2 -
Teste2 -
Teste2 -
Teste2 -
Teste2 -
Teste2 -
Teste2 -
Teste2 -
Teste2 -
Teste2 -
Teste2 -
Teste2 -
Teste2 -
Teste2 -
Teste2 -
Teste2 -
Teste2 -
Teste2 -
Teste2 -
Teste2 -
Teste2 -
Teste2 -
Teste2 -
Teste2 -
Teste2 -
Teste2 -
Teste2 -
Teste2 -
Teste2 -
Teste2 -
Teste2 -
Teste2 -
Teste2 -
Teste2 -
Teste2 -
Teste2 -
Teste2 -
Teste2 -
Teste2 -
Teste2 -
Teste2 -
Teste2 -
Teste2 -
Teste2 -
Teste2 -
Teste2 -
Teste2 -
Teste2 -
Teste2 -
Teste2 -
Teste2 -
Teste2 -
Teste2 -
Teste2 -
Teste2 -
Teste2 -
Teste2 -
Teste2 -
Teste2 -
Teste2 -
Teste2 -
Teste2 -
Teste2 -
Teste2 -
Teste2 -
Teste2 -
Teste2 -
Teste2 -
Teste2 -
Teste2 -
Teste2 -
Teste2 -
Teste2 -
Teste2 -
Teste2 -
Teste2 -
Teste2 -
Teste2 -
Teste2 -
Teste2 -
Teste2 -
Teste2 -
Teste2 -
Teste2 -
Teste2 -
Teste2 -
Teste2 -
Teste2 -
Teste2 -
Teste2 -
Teste2 -
Teste2 -
Teste2 -
Teste2 -
Teste2 -
Teste2 -
Teste2 -
Teste2 -
Teste2 -
Teste2 -
Teste2 -
Teste2 -
Teste2 -
Teste2 -
Teste2 -
Teste2 -
Teste2 -
Teste2 -
Teste2 -
Teste2 -
Teste2 -
Teste2 -
Teste2 -
Teste2 -
Teste2 -
Teste2 -
Teste2 -
Teste2 -
Teste2 -
Teste2 -
Teste2 -
Teste2 -
Teste2 -
Teste2 -
Teste2 -
Teste2 -
Teste2 -
Teste2 -
Teste2 -
Teste2 -
Teste2 -
Teste2 -
Teste2 -
Teste2 -
Teste2 -
Teste2 -
Teste2 -
Teste2 -
Teste2 -
Teste2 -
Teste2 -
Teste2 -
Teste2 -
Teste2 -
Teste2 -
Teste2 -
Teste2 -
Teste2 -
Teste2 -
Teste2 -
Teste2 -
Teste2 -
Teste2 -
Teste2 -
Teste2 -
Teste2 -
Teste2 -
Teste2 -
Teste2 -
Teste2 -
Teste2 -
Teste2 -
Teste2 -
Teste2 -
Teste2 -
Teste2 -
Teste2 -
Teste2 -
Teste2 -
Teste2 -
Teste2 -
Teste2 -
Teste2 -
Teste2 -
Teste2 -
Teste2 -
Teste2 -
Teste2 -
Teste2 -
Teste2 -
Teste2 -
Teste2 -
Teste2 -
Teste2 -
Teste2 -
Teste2 -
Teste2 -
Teste2 -
Teste2 -
Teste2 -
Teste2 -
Teste2 -
Teste2 -
Teste2 -
Teste2 -
Teste2 -
Teste2 -
Teste2 -
Teste2 -
Teste2 -
Teste2 -
Teste2 -
Teste2 -
Teste2 -
Teste2 -
Teste2 -
Teste2 -
Teste2 -
Teste2 -
Teste2 -
Teste2 -
Teste2 -
Teste2 -
Teste2 -
Teste2 -
Teste2 -
Teste2 -
Teste2 -
Teste2 -
Teste2 -
Teste2 -
Teste2 -
Teste2 -
Teste2 -
Teste2 -
Teste2 -
Teste2 -
Teste2 -
Teste2 -
Teste2 -
Teste2 -
Teste2 -
Teste2 -
Teste2 -
Teste2 -
Teste2 -
Teste2 -
Teste2 -
Teste2 -
Teste2 -
Teste2 -
Teste2 -
Teste2 -
Teste2 -
Teste2 -
Teste2 -
Teste2 -
Teste2 -
Teste2 -
Teste2 -
Teste2 -
Teste2 -
Teste2 -
Teste2 -
Teste2 -
Teste2 -
Teste2 -
Teste2 -
Teste2 -
Teste2 -
Teste2 -
Teste2 -
Teste2 -
Teste2 -
Teste2 -
Teste2 -
Teste2 -
Teste2 -
Teste2 -
Teste2 -
Teste2 -
Teste2 -
Teste2 -
Teste2 -
Teste2 -
Teste2 -
Teste2 -
Teste2 -
Teste2 -
Teste2 -
Teste2 -
Teste2 -
Teste2 -
Teste2 -
Teste2 -
Teste2 -
Teste2 -
Teste2 -
Teste2 -
Teste2 -
Teste2 -
Teste2 -
Teste2 -
Teste2 -
Teste2 -
Teste2 -
Teste2 -
Teste2 -
Teste2 -
Teste2 -
Teste2 -
Teste2 -
Teste2 -
Teste2 -
Teste2 -
Teste2 -
Teste2 -
Teste2 -
Teste2 -
Teste2 -
Teste2 -
Teste2 -
Teste2 -
Teste2 -
Teste2 -
Teste2 -
Teste2 -
Teste2 -
Teste2 -
Teste2 -
Teste2 -
Teste2 -
Teste2 -
Teste2 -
Teste2 -
Teste2 -
Teste2 -
Teste2 -
Teste2 -
Teste2 -
Teste2 -
Teste2 -
Teste2 -
Teste2 -
Teste2 -
Teste2 -
Teste2 -
Teste2 -
Teste2 -
Teste2 -
Teste2 -
Teste2 -
Teste2 -
Teste2 -
Teste2 -
Teste2 -
Teste2 -
Teste2 -
Teste2 -
Teste2 -
Teste2 -
Teste2 -
Teste2 -
Teste2 -
Teste2 -
Teste2 -
Teste2 -
Teste2 -
Teste2 -
Teste2 -
Teste2 -
Teste2 -
Teste2 -
Teste2 -
Teste2 -
Teste2 -
Teste2 -
Teste2 -
Teste2 -
Teste2 -
Teste2 -
Teste2 -
Teste2 -
Teste2 -
Teste2 -
Teste2 -
Teste2 -
Teste2 -
Teste2 -
Teste2 -
Teste2 -
Teste2 -
Teste2 -
Teste2 -
Teste2 -
Teste2 -
Teste2 -
Teste2 -
Teste2 -
Teste2 -
Teste2 -
Teste2 -
Teste2 -
Teste2 -
Teste2 -
Teste2 -
Teste2 -
Teste2 -
Teste2 -
Teste2 -
Teste2 -
Teste2 -
Teste2 -
Teste2 -
Teste2 -
Teste2 -
Teste2 -
Teste2 -
Teste2 -
Teste2 -
Teste2 -
Teste2 -
Teste2 -
Teste2 -
Teste2 -
Teste2 -
Teste2 -
Teste2 -
Teste2 -
Teste2 -
Teste2 -
Teste2 -
Teste2 -
Teste2 -
Teste2 -
Teste2 -
Teste2 -
Teste2 -
Teste2 -
Teste2 -
Teste2 -
Teste2 -
Teste2 -
Teste2 -
Teste2 -
Teste2 -
Teste2 -
Teste2 -
Teste2 -
Teste2 -
Teste2 -
Teste2 -
Teste2 -
Teste2 -
Teste2 -
Teste2 -
Teste2 -
Teste2 -
Teste2 -
Teste2 -
Teste2 -
Teste2 -
Teste2 -
Teste2 -
Teste2 -
Teste2 -
Teste2 -
Teste2 -
Teste2 -
Teste2 -
Teste2 -
Teste2 -
Teste2 -
Teste2 -
Teste2 -
Teste2 -
Teste2 -
Teste2 -
Teste2 -
Teste2 -
Teste2 -
Teste2 -
Teste2 -
Teste2 -
Teste2 -
Teste2 -
Teste2 -
Teste2 -
Teste2 -
Teste2 -
Teste2 -
Teste2 -
Teste2 -
Teste2 -
Teste2 -
Teste2 -
Teste2 -
Teste2 -
Teste2 -
Teste2 -
Teste2 -
Teste2 -
Teste2 -
Teste2 -
Teste2 -
Teste2 -
Teste2 -
Teste2 -
Teste2 -
Teste2 -
Teste2 -
Teste2 -
Teste2 -
Teste2 -
Teste2 -
Teste2 -
Teste2 -
Teste2 -
Teste2 -
Teste2 -
Teste2 -
Teste2 -
Teste2 -
Teste2 -
Teste2 -
Teste2 -
Teste2 -
Teste2 -
Teste2 -
Teste2 -
Teste2 -
Teste2 -
Teste2 -
Teste2 -
Teste2 -
Teste2 -
Teste2 -
Teste2 -
Teste2 -
Teste2 -
Teste2 -
Teste2 -
Teste2 -
Teste2 -
Teste2 -
Teste2 -
Teste2 -
Teste2 -
Teste2 -
Teste2 -
Teste2 -
Teste2 -
Teste2 -
Teste2 -
Teste2 -
Teste2 -
Teste2 -
Teste2 -
Teste2 -
Teste2 -
Teste2 -
Teste2 -
Teste2 -
Teste2 -
Teste2 -
Teste2 -
Teste2 -
Teste2 -
Teste2 -
Teste2 -
Teste2 -
Teste2 -
Teste2 -
Teste2 -
Teste2 -
Teste2 -
Teste2 -
Teste2 -
Teste2 -
Teste2 -
Teste2 -
Teste2 -
Teste2 -
Teste2 -
Teste2 -
Teste2 -
Teste2 -
Teste2 -
Teste2 -
Teste2 -
Teste2 -
Teste2 -
Teste2 -
Teste2 -
Teste2 -
Teste2 -
Teste2 -
Teste2 -
Teste2 -
Teste2 -
Teste2 -
Teste2 -
Teste2 -
Teste2 -
Teste2 -
Teste2 -
Teste2 -
Teste2 -
Teste2 -
Teste2 -
Teste2 -
Teste2 -
Teste2 -
Teste2 -
Teste2 -
Teste2 -
Teste2 -
Teste2 -
Teste2 -
Teste2 -
Teste2 -
Teste2 -
Teste2 -
Teste2 -
Teste2 -
Teste2 -
Teste2 -
Teste2 -
Teste2 -
Teste2 -
Teste2 -
Teste2 -
Teste2 -
Teste2 -
Teste2 -
Teste2 -
Teste2 -
Teste2 -
Teste2 -
Teste2 -
Teste2 -
Teste2 -
Teste2 -
Teste2 -
Teste2 -
Teste2 -
Teste2 -
Teste2 -
Teste2 -
Teste2 -
Teste2 -
Teste2 -
Teste2 -
Teste2 -
Teste2 -
Teste2 -
Teste2 -
Teste2 -
Teste2 -
Teste2 -
Teste2 -
Teste2 -
Teste2 -
Teste2 -
Teste2 -
Teste2 -
Teste2 -
Teste2 -
Teste2 -
Teste2 -
Teste2 -
Teste2 -
Teste2 -
Teste2 -
Teste2 -
Teste2 -
Teste2 -
Teste2 -
Teste2 -
Teste2 -
Teste2 -
Teste2 -
Teste2 -
Teste2 -
Teste2 -
Teste2 -
Teste2 -
Teste2 -
Teste2 -
Teste2 -
Teste2 -
Teste2 -
Teste2 -
Teste2 -
Teste2 -
Teste2 -
Teste2 -
Teste2 -
Teste2 -
Teste2 -
Teste2 -
Teste2 -
Teste2 -
Teste2 -
Teste2 -
Teste2 -
Teste2 -
Teste2 -
Teste2 -
Teste2 -
Teste2 -
Teste2 -
Teste2 -
Teste2 -
Teste2 -
Teste2 -
Teste2 -
Teste2 -
Teste2 -
Teste2 -
Teste2 -
Teste2 -
Teste2 -
Teste2 -
Teste2 -
Teste2 -
Teste2 -
Teste2 -
Teste2 -
Teste2 -
Teste2 -
Teste2 -
Teste2 -
Teste2 -
Teste2 -
Teste2 -
Teste2 -
Teste2 -
Teste2 -
Teste2 -
Teste2 -
Teste2 -
Teste2 -
Teste2 -
Teste2 -
Teste2 -
Teste2 -
Teste2 -
Teste2 -
Teste2 -
Teste2 -
Teste2 -
Teste2 -
Teste2 -
Teste2 -
Teste2 -
Teste2 -
Teste2 -
Teste2 -
Teste2 -
Teste2 -
Teste2 -
Teste2 -
Teste2 -
Teste2 -
Teste2 -
Teste2 -
Teste2 -
Teste2 -
Teste2 -
Teste2 -
Teste2 -
Teste2 -
Teste2 -
Teste2 -
Teste2 -
Teste2 -
Teste2 -
Teste2 -
Teste2 -
Teste2 -
Teste2 -
Teste2 -
Teste2 -
Teste2 -
Teste2 -
Teste2 -
Teste2 -
Teste2 -
Teste2 -
Teste2 -
Teste2 -
Teste2 -
Teste2 -
Teste2 -
Teste2 -
Teste2 -
Teste2 -
Teste2 -
Teste2 -
Teste2 -
Teste2 -
Teste2 -
Teste2 -
Teste2 -
Teste2 -
Teste2 -
Teste2 -
Teste2 -
Teste2 -
Teste2 -
Teste2 -
Teste2 -
Teste2 -
Teste2 -
Teste2 -
Teste2 -
Teste2 -
Teste2 -
Teste2 -
Teste2 -
Teste2 -
Teste2 -
Teste2 -
Teste2 -
Teste2 -
Teste2 -
Teste2 -
Teste2 -
Teste2 -
Teste2 -
Teste2 -
Teste2 -
Teste2 -
Teste2 -
Teste2 -
Teste2 -
Teste2 -
Teste2 -
Teste2 -
Teste2 -
Teste2 -
Teste2 -
Teste2 -
Teste2 -
Teste2 -
Teste2 -
Teste2 -
Teste2 -
Teste2 -
Teste2 -
Teste2 -
Teste2 -
Teste2 -
Teste2 -
Teste2 -
Teste2 -
Teste2 -
Teste2 -
Teste2 -
Teste2 -
Teste2 -
Teste2 -
Teste2 -
Teste2 -
Teste2 -
Teste2 -
Teste2 -
Teste2 -
Teste2 -
Teste2 -
Teste2 -
Teste2 -
Teste2 -
Teste2 -
Teste2 -
Teste2 -
Teste2 -
Teste2 -
Teste2 -
Teste2 -
Teste2 -
Teste2 -
Teste2 -
Teste2 -
Teste2 -
Teste2 -
Teste2 -
Teste2 -
Teste2 -
Teste2 -
Teste2 -
Teste2 -
Teste2 -
Teste2 -
Teste2 -
Teste2 -
Teste2 -
Teste2 -
Teste2 -
Teste2 -
Teste2 -
Teste2 -
Teste2 -
Teste2 -
Teste2 -
Teste2 -
Teste2 -
Teste2 -
Teste2 -
Teste2 -
Teste2 -
Teste2 -
Teste2 -
Teste2 -
Teste2 -
Teste2 -
Teste2 -
Teste2 -
Teste2 -
Teste2 -
Teste2 -
Teste2 -
Teste2 -
Teste2 -
Teste2 -
Teste2 -
Teste2 -
Teste2 -
Teste2 -
Teste2 -
Teste2 -
Teste2 -
Teste2 -
Teste2 -
Teste2 -
Teste2 -
Teste2 -
Teste2 -
Teste2 -
Teste2 -
Teste2 -
Teste2 -
Teste2 -
Teste2 -
Teste2 -
Teste2 -
Teste2 -
Teste2 -
Teste2 -
Teste2 -
Teste2 -
Teste2 -
Teste2 -
Teste2 -
Teste2 -
Teste2 -
Teste2 -
Teste2 -
Teste2 -
Teste2 -
Teste2 -
Teste2 -
Teste2 -
Teste2 -
Teste2 -
Teste2 -
Teste2 -
Teste2 -
Teste2 -
Teste2 -
Teste2 -
Teste2 -
Teste2 -
Teste2 -
Teste2 -
Teste2 -
Teste2 -
Teste2 -
Teste2 -
Teste2 -
Teste2 -
Teste2 -
Teste2 -
Teste2 -
Teste2 -
Teste2 -
Teste2 -
Teste2 -
Teste2 -
Teste2 -
Teste2 -
Teste2 -
Teste2 -
Teste2 -
Teste2 -
Teste2 -
Teste2 -
Teste2 -
Teste2 -
Teste2 -
Teste2 -
Teste2 -
Teste2 -
Teste2 -
Teste2 -
Teste2 -
Teste2 -
Teste2 -
Teste2 -
Teste2 -
Teste2 -
Teste2 -
Teste2 -
Teste2 -
Teste2 -
Teste2 -
Teste2 -
Teste2 -
Teste2 -
Teste2 -
Teste2 -
Teste2 -
Teste2 -
Teste2 -
Teste2 -
Teste2 -
Teste2 -
Teste2 -
Teste2 -
Teste2 -
Teste2 -
Teste2 -
Teste2 -
Teste2 -
Teste2 -
Teste2 -
Teste2 -
Teste2 -
Teste2 -
Teste2 -
Teste2 -
Teste2 -
Teste2 -
Teste2 -
Teste2 -
Teste2 -
Teste2 -
Teste2 -
Teste2 -
Teste2 -
Teste2 -
Teste2 -
Teste2 -
Teste2 -
Teste2 -
Teste2 -
Teste2 -
Teste2 -
Teste2 -
Teste2 -
Teste2 -
Teste2 -
Teste2 -
Teste2 -
Teste2 -
Teste2 -
Teste2 -
Teste2 -
Teste2 -
Teste2 -
Teste2 -
Teste2 -
Teste2 -
Teste2 -
Teste2 -
Teste2 -
Teste2 -
Teste2 -
Teste2 -
Teste2 -
Teste2 -
Teste2 -
Teste2 -
Teste2 -
Teste2 -
Teste2 -
Teste2 -
Teste2 -
Teste2 -
Teste2 -
Teste2 -
Teste2 -
Teste2 -
Teste2 -
Teste2 -
Teste2 -
Teste2 -
Teste2 -
Teste2 -
Teste2 -
Teste2 -
Teste2 -
Teste2 -
Teste2 -
Teste2 -
Teste2 -
Teste2 -
Teste2 -
Teste2 -
Teste2 -
Teste2 -
Teste2 -
Teste2 -
Teste2 -
Teste2 -
Teste2 -
Teste2 -
Teste2 -
Teste2 -
Teste2 -
Teste2 -
Teste2 -
Teste2 -
Teste2 -
Teste2 -
Teste2 -
Teste2 -
Teste2 -
Teste2 -
Teste2 -
Teste2 -
Teste2 -
Teste2 -
Teste2 -
Teste2 -
Teste2 -
Teste2 -
Teste2 -
Teste2 -
Teste2 -
Teste2 -
Teste2 -
Teste2 -
Teste2 -
Teste2 -
Teste2 -
Teste2 -
Teste2 -
Teste2 -
Teste2 -
Teste2 -
Teste2 -
Teste2 -
Teste2 -
Teste2 -
Teste2 -
Teste2 -
Teste2 -
Teste2 -
Teste2 -
Teste2 -
Teste2 -
Teste2 -
Teste2 -
Teste2 -
Teste2 -
Teste2 -
Teste2 -
Teste2 -
Teste2 -
Teste2 -
Teste2 -
Teste2 -
Teste2 -
Teste2 -
Teste2 -
Teste2 -
Teste2 -
Teste2 -
Teste2 -
Teste2 -
Teste2 -
Teste2 -
Teste2 -
Teste2 -
Teste2 -
Teste2 -
Teste2 -
Teste2 -
Teste2 -
Teste2 -
Teste2 -
Teste2 -
Teste2 -
Teste2 -
Teste2 -
Teste2 -
Teste2 -
Teste2 -
Teste2 -
Teste2 -
Teste2 -
Teste2 -
Teste2 -
Teste2 -
Teste2 -
Teste2 -
Teste2 -
Teste2 -
Teste2 -
Teste2 -
Teste2 -
Teste2 -
Teste2 -
Teste2 -
Teste2 -
Teste2 -
Teste2 -
Teste2 -
Teste2 -
Teste2 -
Teste2 -
Teste2 -
Teste2 -
Teste2 -
Teste2 -
Teste2 -
Teste2 -
Teste2 -
Teste2 -
Teste2 -
Teste2 -
Teste2 -
Teste2 -
Teste2 -
Teste2 -
Teste2 -
Teste2 -
Teste2 -
Teste2 -
Teste2 -
Teste2 -
Teste2 -
Teste2 -
Teste2 -
Teste2 -
Teste2 -
Teste2 -
Teste2 -
Teste2 -
Teste2 -
Teste2 -
Teste2 -
Teste2 -
Teste2 -
Teste2 -
Teste2 -
Teste2 -
Teste2 -
Teste2 -
Teste2 -
Teste2 -
Teste2 -
Teste2 -
Teste2 -
Teste2 -
Teste2 -
Teste2 -
Teste2 -
Teste2 -
Teste2 -
Teste2 -
Teste2 -
Teste2 -
Teste2 -
Teste2 -
Teste2 -
Teste2 -
Teste2 -
Teste2 -
Teste2 -
Teste2 -
Teste2 -
Teste2 -
Teste2 -
Teste2 -
Teste2 -
Teste2 -
Teste2 -
Teste2 -
Teste2 -
Teste2 -
Teste2 -
Teste2 -
Teste2 -
Teste2 -
Teste2 -
Teste2 -
Teste2 -
Teste2 -
Teste2 -
Teste2 -
Teste2 -
Teste2 -
Teste2 -
Teste2 -
Teste2 -
Teste2 -
Teste2 -
Teste2 -
Teste2 -
Teste2 -
Teste2 -
Teste2 -
Teste2 -
Teste2 -
Teste2 -
Teste2 -
Teste2 -
Teste2 -
Teste2 -
Teste2 -
Teste2 -
Teste2 -
Teste2 -
Teste2 -
Teste2 -
Teste2 -
Teste2 -
Teste2 -
Teste2 -
Teste2 -
Teste2 -
Teste2 -
Teste2 -
Teste2 -
Teste2 -
Teste2 -
Teste2 -
Teste2 -
Teste2 -
Teste2 -
Teste2 -
Teste2 -
Teste2 -
Teste2 -
Teste2 -
Teste2 -
Teste2 -
Teste2 -
Teste2 -
Teste2 -
Teste2 -
Teste2 -
Teste2 -
Teste2 -
Teste2 -
Teste2 -
Teste2 -
Teste2 -
Teste2 -
Teste2 -
Teste2 -
Teste2 -
Teste2 -
Teste2 -
Teste2 -
Teste2 -
Teste2 -
Teste2 -
Teste2 -
Teste2 -
Teste2 -
Teste2 -
Teste2 -
Teste2 -
Teste2 -
Teste2 -
Teste2 -
Teste2 -
Teste2 -
Teste2 -
Teste2 -
Teste2 -
Teste2 -
Teste2 -
Teste2 -
Teste2 -
Teste2 -
Teste2 -
Teste2 -
Teste2 -
Teste2 -
Teste2 -
Teste2 -
Teste2 -
Teste2 -
Teste2 -
Teste2 -
Teste2 -
Teste2 -
Teste2 -
Teste2 -
Teste2 -
Teste2 -
Teste2 -
Teste2 -
Teste2 -
Teste2 -
Teste2 -
Teste2 -
Teste2 -
Teste2 -
Teste2 -
Teste2 -
Teste2 -
Teste2 -
Teste2 -
Teste2 -
Teste2 -
Teste2 -
Teste2 -
Teste2 -
Teste2 -
Teste2 -
Teste2 -
Teste2 -
Teste2 -
Teste2 -
Teste2 -
Teste2 -
Teste2 -
Teste2 -
Teste2 -
Teste2 -
Teste2 -
Teste2 -
Teste2 -
Teste2 -
Teste2 -
Teste2 -
Teste2 -
Teste2 -
Teste2 -
Teste2 -
Teste2 -
Teste2 -
Teste2 -
Teste2 -
Teste2 -
Teste2 -
Teste2 -
Teste2 -
Teste2 -
Teste2 -
Teste2 -
Teste2 -
Teste2 -
Teste2 -
Teste2 -
Teste2 -
Teste2 -
Teste2 -
Teste2 -
Teste2 -
Teste2 -
Teste2 -
Teste2 -
Teste2 -
Teste2 -
Teste2 -
Teste2 -
Teste2 -
Teste2 -
Teste2 -
Teste2 -
Teste2 -
Teste2 -
Teste2 -
Teste2 -
Teste2 -
Teste2 -
Teste2 -
Teste2 -
Teste2 -
Teste2 -
Teste2 -
Teste2 -
Teste2 -
Teste2 -
Teste2 -
Teste2 -
Teste2 -
Teste2 -
Teste2 -
Teste2 -
Teste2 -
Teste2 -
Teste2 -
Teste2 -
Teste2 -
Teste2 -
Teste2 -
Teste2 -
Teste2 -
Teste2 -
Teste2 -
Teste2 -
Teste2 -
Teste2 -
Teste2 -
Teste2 -
Teste2 -
Teste2 -
Teste2 -
Teste2 -
Teste2 -
Teste2 -
Teste2 -
Teste2 -
Teste2 -
Teste2 -
Teste2 -
Teste2 -
Teste2 -
Teste2 -
Teste2 -
Teste2 -
Teste2 -
Teste2 -
Teste2 -
Teste2 -
Teste2 -
Teste2 -
Teste2 -
Teste2 -
Teste2 -
Teste2 -
Teste2 -
Teste2 -
Teste2 -
Teste2 -
Teste2 -
Teste2 -
Teste2 -
Teste2 -
Teste2 -
Teste2 -
Teste2 -
Teste2 -
Teste2 -
Teste2 -
Teste2 -
Teste2 -
Teste2 -
Teste2 -
Teste2 -
Teste2 -
Teste2 -
Teste2 -
Teste2 -
Teste2 -
Teste2 -
Teste2 -
Teste2 -
Teste2 -
Teste2 -
Teste2 -
Teste2 -
Teste2 -
Teste2 -
Teste2 -
Teste2 -
Teste2 -
Teste2 -
Teste2 -
Teste2 -
Teste2 -
Teste2 -
Teste2 -
Teste2 -
Teste2 -
Teste2 -
Teste2 -
Teste2 -
Teste2 -
Teste2 -
Teste2 -
Teste2 -
Teste2 -
Teste2 -
Teste2 -
Teste2 -
Teste2 -
Teste2 -
Teste2 -
Teste2 -
Teste2 -
Teste2 -
Teste2 -
Teste2 -
Teste2 -
Teste2 -
Teste2 -
Teste2 -
Teste2 -
Teste2 -
Teste2 -
Teste2 -
Teste2 -
Teste2 -
Teste2 -
Teste2 -
Teste2 -
Teste2 -
Teste2 -
Teste2 -
Teste2 -
Teste2 -
Teste2 -
Teste2 -
Teste2 -
Teste2 -
Teste2 -
Teste2 -
Teste2 -
Teste2 -
Teste2 -
Teste2 -
Teste2 -
Teste2 -
Teste2 -
Teste2 -
Teste2 -
Teste2 -
Teste2 -
Teste2 -
Teste2 -
Teste2 -
Teste2 -
Teste2 -
Teste2 -
Teste2 -
Teste2 -
Teste2 -
Teste2 -
Teste2 -
Teste2 -
Teste2 -
Teste2 -
Teste2 -
Teste2 -
Teste2 -
Teste2 -
Teste2 -
Teste2 -
Teste2 -
Teste2 -
Teste2 -
Teste2 -
Teste2 -
Teste2 -
Teste2 -
Teste2 -
Teste2 -
Teste2 -
Teste2 -
Teste2 -
Teste2 -
Teste2 -
Teste2 -
Teste2 -
Teste2 -
Teste2 -
Teste2 -
Teste2 -
Teste2 -
Teste2 -
Teste2 -
Teste2 -
Teste2 -
Teste2 -
Teste2 -
Teste2 -
Teste2 -
Teste2 -
Teste2 -
Teste2 -
Teste2 -
Teste2 -
Teste2 -
Teste2 -
Teste2 -
Teste2 -
Teste2 -
Teste2 -
Teste2 -
Teste2 -
Teste2 -
Teste2 -
Teste2 -
Teste2 -
Teste2 -
Teste2 -
Teste2 -
Teste2 -
Teste2 -
Teste2 -
Teste2 -
Teste2 -
Teste2 -
Teste2 -
Teste2 -
Teste2 -
Teste2 -
Teste2 -
Teste2 -
Teste2 -
Teste2 -
Teste2 -
Teste2 -
Teste2 -
Teste2 -
Teste2 -
Teste2 -
Teste2 -
Teste2 -
Teste2 -
Teste2 -
Teste2 -
Teste2 -
Teste2 -
Teste2 -
Teste2 -
Teste2 -
Teste2 -
Teste2 -
Teste2 -
Teste2 -
Teste2 -
Teste2 -
Teste2 -
Teste2 -
Teste2 -
Teste2 -
Teste2 -
Teste2 -
Teste2 -
Teste2 -
Teste2 -
Teste2 -
Teste2 -
Teste2 -
Teste2 -
Teste2 -
Teste2 -
Teste2 -
Teste2 -
Teste2 -
Teste2 -
Teste2 -
Teste2 -
Teste2 -
Teste2 -
Teste2 -
Teste2 -
Teste2 -
Teste2 -
Teste2 -
Teste2 -
Teste2 -
Teste2 -
Teste2 -
Teste2 -
Teste2 -
Teste2 -
Teste2 -
Teste2 -
Teste2 -
Teste2 -
Teste2 -
Teste2 -
Teste2 -
Teste2 -
Teste2 -
Teste2 -
Teste2 -
Teste2 -
Teste2 -
Teste2 -
Teste2 -
Teste2 -
Teste2 -
Teste2 -
Teste2 -
Teste2 -
Teste2 -
Teste2 -
Teste2 -
Teste2 -
Teste2 -
Teste2 -
Teste2 -
Teste2 -
Teste2 -
Teste2 -
Teste2 -
Teste2 -
Teste2 -
Teste2 -
Teste2 -
Teste2 -
Teste2 -
Teste2 -
Teste2 -
Teste2 -
Teste2 -
Teste2 -
Teste2 -
Teste2 -
Teste2 -
Teste2 -
Teste2 -
Teste2 -
Teste2 -
Teste2 -
Teste2 -
Teste2 -
Teste2 -
Teste2 -
Teste2 -
Teste2 -
Teste2 -
Teste2 -
Teste2 -
Teste2 -
Teste2 -
Teste2 -
Teste2 -
Teste2 -
Teste2 -
Teste2 -
Teste2 -
Teste2 -
Teste2 -
Teste2 -
Teste2 -
Teste2 -
Teste2 -
Teste2 -
Teste2 -
Teste2 -
Teste2 -
Teste2 -
Teste2 -
Teste2 -
Teste2 -
Teste2 -
Teste2 -
Teste2 -
Teste2 -
Teste2 -
Teste2 -
Teste2 -
Teste2 -
Teste2 -
Teste2 -
Teste2 -
Teste2 -
Teste2 -
Teste2 -
Teste2 -
Teste2 -
Teste2 -
Teste2 -
Teste2 -
Teste2 -
Teste2 -
Teste2 -
Teste2 -
Teste2 -
Teste2 -
Teste2 -
Teste2 -
Teste2 -
Teste2 -
Teste2 -
Teste2 -
Teste2 -
Teste2 -
Teste2 -
Teste2 -
Teste2 -
Teste2 -
Teste2 -
Teste2 -
Teste2 -
Teste2 -
Teste2 -
Teste2 -
Teste2 -
Teste2 -
Teste2 -
Teste2 -
Teste2 -
Teste2 -
Teste2 -
Teste2 -
Teste2 -
Teste2 -
Teste2 -
Teste2 -
Teste2 -
Teste2 -
Teste2 -
Teste2 -
Teste2 -
Teste2 -
Teste2 -
Teste2 -
Teste2 -
Teste2 -
Teste2 -
Teste2 -
Teste2 -
Teste2 -
Teste2 -
Teste2 -
Teste2 -
Teste2 -
Teste2 -
Teste2 -
Teste2 -
Teste2 -
Teste2 -
Teste2 -
Teste2 -
Teste2 -
Teste2 -
Teste2 -
Teste2 -
Teste2 -
Teste2 -
Teste2 -
Teste2 -
Teste2 -
Teste2 -
Teste2 -
Teste2 -
Teste2 -
Teste2 -
Teste2 -
Teste2 -
Teste2 -
Teste2 -
Teste2 -
Teste2 -
Teste2 -
Teste2 -
Teste2 -
Teste2 -
Teste2 -
Teste2 -
Teste2 -
Teste2 -
Teste2 -
Teste2 -
Teste2 -
Teste2 -
Teste2 -
Teste2 -
Teste2 -
Teste2 -
Teste2 -
Teste2 -
Teste2 -
Teste2 -
Teste2 -
Teste2 -
Teste2 -
Teste2 -
Teste2 -
Teste2 -
Teste2 -
Teste2 -
Teste2 -
Teste2 -
Teste2 -
Teste2 -
Teste2 -
Teste2 -
Teste2 -
Teste2 -
Teste2 -
Teste2 -
Teste2 -
Teste2 -
Teste2 -
Teste2 -
Teste2 -
Teste2 -
Teste2 -
Teste2 -
Teste2 -
Teste2 -
Teste2 -
Teste2 -
Teste2 -
Teste2 -
Teste2 -
Teste2 -
Teste2 -
Teste2 -
Teste2 -
Teste2 -
Teste2 -
Teste2 -
Teste2 -
Teste2 -
Teste2 -
Teste2 -
Teste2 -
Teste2 -
Teste2 -
Teste2 -
Teste2 -
Teste2 -
Teste2 -
Teste2 -
Teste2 -
Teste2 -
Teste2 -
Teste2 -
Teste2 -
Teste2 -
Teste2 -
Teste2 -
Teste2 -
Teste2 -
Teste2 -
Teste2 -
Teste2 -
Teste2 -
Teste2 -
Teste2 -
Teste2 -
Teste2 -
Teste2 -
Teste2 -
Teste2 -
Teste2 -
Teste2 -
Teste2 -
Teste2 -
Teste2 -
Teste2 -
Teste2 -
Teste2 -
Teste2 -
Teste2 -
Teste2 -
Teste2 -
Teste2 -
Teste2 -
Teste2 -
Teste2 -
Teste2 -
Teste2 -
Teste2 -
Teste2 -
Teste2 -
Teste2 -
Teste2 -
Teste2 -
Teste2 -
Teste2 -
Teste2 -
Teste2 -
Teste2 -
Teste2 -
Teste2 -
Teste2 -
Teste2 -
Teste2 -
Teste2 -
Teste2 -
Teste2 -
Teste2 -
Teste2 -
Teste2 -
Teste2 -
Teste2 -
Teste2 -
Teste2 -
Teste2 -
Teste2 -
Teste2 -
Teste2 -
Teste2 -
Teste2 -
Teste2 -
Teste2 -
Teste2 -
Teste2 -
Teste2 -
Teste2 -
Teste2 -
Teste2 -
Teste2 -
Teste2 -
Teste2 -
Teste2 -
Teste2 -
Teste2 -
Teste2 -
Teste2 -
Teste2 -
Teste2 -
Teste2 -
Teste2 -
Teste2 -
Teste2 -
Teste2 -
Teste2 -
Teste2 -
Teste2 -
Teste2 -
Teste2 -
Teste2 -
Teste2 -
Teste2 -
Teste2 -
Teste2 -
Teste2 -
Teste2 -
Teste2 -
Teste2 -
Teste2 -
Teste2 -
Teste2 -
Teste2 -
Teste2 -
Teste2 -
Teste2 -
Teste2 -
Teste2 -
Teste2 -
Teste2 -
Teste2 -
Teste2 -
Teste2 -
Teste2 -
Teste2 -
Teste2 -
Teste2 -
Teste2 -
Teste2 -
Teste2 -
Teste2 -
Teste2 -
Teste2 -
Teste2 -
Teste2 -
Teste2 -
Teste2 -
Teste2 -
Teste2 -
Teste2 -
Teste2 -
Teste2 -
Teste2 -
Teste2 -
Teste2 -
Teste2 -
Teste2 -
Teste2 -
Teste2 -
Teste2 -
Teste2 -
Teste2 -
Teste2 -
Teste2 -
Teste2 -
Teste2 -
Teste2 -
Teste2 -
Teste2 -
Teste2 -
Teste2 -
Teste2 -
Teste2 -
Teste2 -
Teste2 -
Teste2 -
Teste2 -
Teste2 -
Teste2 -
Teste2 -
Teste2 -
Teste2 -
Teste2 -
Teste2 -
Teste2 -
Teste2 -
Teste2 -
Teste2 -
Teste2 -
Teste2 -
Teste2 -
Teste2 -
Teste2 -
Teste2 -
Teste2 -
Teste2 -
Teste2 -
Teste2 -
Teste2 -
Teste2 -
Teste2 -
Teste2 -
Teste2 -
Teste2 -
Teste2 -
Teste2 -
Teste2 -
Teste2 -
Teste2 -
Teste2 -
Teste2 -
Teste2 -
Teste2 -
Teste2 -
Teste2 -
Teste2 -
Teste2 -
Teste2 -
Teste2 -
Teste2 -
Teste2 -
Teste2 -
Teste2 -
Teste2 -
Teste2 -
Teste2 -
Teste2 -
Teste2 -
Teste2 -
Teste2 -
Teste2 -
Teste2 -
Teste2 -
Teste2 -
Teste2 -
Teste2 -
Teste2 -
Teste2 -
Teste2 -
Teste2 -
Teste2 -
Teste2 -
Teste2 -
Teste2 -
Teste2 -
Teste2 -
Teste2 -
Teste2 -
Teste2 -
Teste2 -
Teste2 -
Teste2 -
Teste2 -
Teste2 -
Teste2 -
Teste2 -
Teste2 -
Teste2 -
Teste2 -
Teste2 -
Teste2 -
Teste2 -
Teste2 -
Teste2 -
Teste2 -
Teste2 -
Teste2 -
Teste2 -
Teste2 -
Teste2 -
Teste2 -
Teste2 -
Teste2 -
Teste2 -
Teste2 -
Teste2 -
Teste2 -
Teste2 -
Teste2 -
Teste2 -
Teste2 -
Teste2 -
Teste2 -
Teste2 -
Teste2 -
Teste2 -
Teste2 -
Teste2 -
Teste2 -
Teste2 -
Teste2 -
Teste2 -
Teste2 -
Teste2 -
Teste2 -
Teste2 -
Teste2 -
Teste2 -
Teste2 -
Teste2 -
Teste2 -
Teste2 -
Teste2 -
Teste2 -
Teste2 -
Teste2 -
Teste2 -
Teste2 -
Teste2 -
Teste2 -
Teste2 -
Teste2 -
Teste2 -
Teste2 -
Teste2 -
Teste2 -
Teste2 -
Teste2 -
Teste2 -
Teste2 -
Teste2 -
Teste2 -
Teste2 -
Teste2 -
Teste2 -
Teste2 -
Teste2 -
Teste2 -
Teste2 -
Teste2 -
Teste2 -
Teste2 -
Teste2 -
Teste2 -
Teste2 -
Teste2 -
Teste2 -
Teste2 -
Teste2 -
Teste2 -
Teste2 -
Teste2 -
Teste2 -
Teste2 -
Teste2 -
Teste2 -
Teste2 -
Teste2 -
Teste2 -
Teste2 -
Teste2 -
Teste2 -
Teste2 -
Teste2 -
Teste2 -
Teste2 -
Teste2 -
Teste2 -
Teste2 -
Teste2 -
Teste2 -
Teste2 -
Teste2 -
Teste2 -
Teste2 -
Teste2 -
Teste2 -
Teste2 -
Teste2 -
Teste2 -
Teste2 -
Teste2 -
Teste2 -
Teste2 -
Teste2 -
Teste2 -
Teste2 -
Teste2 -
Teste2 -
Teste2 -
Teste2 -
Teste2 -
Teste2 -
Teste2 -
Teste2 -
Teste2 -
Teste2 -
Teste2 -
Teste2 -
Teste2 -
Teste2 -
Teste2 -
Teste2 -
Teste2 -
Teste2 -
Teste2 -
Teste2 -
Teste2 -
Teste2 -
Teste2 -
Teste2 -
Teste2 -
Teste2 -
Teste2 -
Teste2 -
Teste2 -
Teste2 -
Teste2 -
Teste2 -
Teste2 -
Teste2 -
Teste2 -
Teste2 -
Teste2 -
Teste2 -
Teste2 -
Teste2 -
Teste2 -
Teste2 -
Teste2 -
Teste2 -
Teste2 -
Teste2 -
Teste2 -
Teste2 -
Teste2 -
Teste2 -
Teste2 -
Teste2 -
Teste2 -
Teste2 -
Teste2 -
Teste2 -
Teste2 -
Teste2 -
Teste2 -
Teste2 -
Teste2 -
Teste2 -
Teste2 -
Teste2 -
Teste2 -
Teste2 -
Teste2 -
Teste2 -
Teste2 -
Teste2 -
Teste2 -
Teste2 -
Teste2 -
Teste2 -
Teste2 -
Teste2 -
Teste2 -
Teste2 -
Teste2 -
Teste2 -
Teste2 -
Teste2 -
Teste2 -
Teste2 -
Teste2 -
Teste2 -
Teste2 -
Teste2 -
Teste2 -
Teste2 -
Teste2 -
Teste2 -
Teste2 -
Teste2 -
Teste2 -
Teste2 -
Teste2 -
Teste2 -
Teste2 -
Teste2 -
Teste2 -
Teste2 -
Teste2 -
Teste2 -
Teste2 -
Teste2 -
Teste2 -
Teste2 -
Teste2 -
Teste2 -
Teste2 -
Teste2 -
Teste2 -
Teste2 -
Teste2 -
Teste2 -
Teste2 -
Teste2 -
Teste2 -
Teste2 -
Teste2 -
Teste2 -
Teste2 -
Teste2 -
Teste2 -
Teste2 -
Teste2 -
Teste2 -
Teste2 -
Teste2 -
Teste2 -
Teste2 -
Teste2 -
Teste2 -
Teste2 -
Teste2 -
Teste2 -
Teste2 -
Teste2 -
Teste2 -
Teste2 -
Teste2 -
Teste2 -
Teste2 -
Teste2 -
Teste2 -
Teste2 -
Teste2 -
Teste2 -
Teste2 -
Teste2 -
Teste2 -
Teste2 -
Teste2 -
Teste2 -
Teste2 -
Teste2 -
Teste2 -
Teste2 -
Teste2 -
Teste2 -
Teste2 -
Teste2 -
Teste2 -
Teste2 -
Teste2 -
Teste2 -
Teste2 -
Teste2 -
Teste2 -
Teste2 -
Teste2 -
Teste2 -
Teste2 -
Teste2 -
Teste2 -
Teste2 -
Teste2 -
Teste2 -
Teste2 -
Teste2 -
Teste2 -
Teste2 -
Teste2 -
Teste2 -
Teste2 -
Teste2 -
Teste2 -
Teste2 -
Teste2 -
Teste2 -
Teste2 -
Teste2 -
Teste2 -
Teste2 -
Teste2 -
Teste2 -
Teste2 -
Teste2 -
Teste2 -
Teste2 -
Teste2 -
Teste2 -
Teste2 -
Teste2 -
Teste2 -
Teste2 -
Teste2 -
Teste2 -
Teste2 -
Teste2 -
Teste2 -
Teste2 -
Teste2 -
Teste2 -
Teste2 -
Teste2 -
Teste2 -
Teste2 -
Teste2 -
Teste2 -
Teste2 -
Teste2 -
Teste2 -
Teste2 -
Teste2 -
Teste2 -
Teste2 -
Teste2 -
Teste2 -
Teste2 -
Teste2 -
Teste2 -
Teste2 -
Teste2 -
Teste2 -
Teste2 -
Teste2 -
Teste2 -
Teste2 -
Teste2 -
Teste2 -
Teste2 -
Teste2 -
Teste2 -
Teste2 -
Teste2 -
Teste2 -
Teste2 -
Teste2 -
Teste2 -
Teste2 -
Teste2 -
Teste2 -
Teste2 -
Teste2 -
Teste2 -
Teste2 -
Teste2 -
Teste2 -
Teste2 -
Teste2 -
Teste2 -
Teste2 -
Teste2 -
Teste2 -
Teste2 -
Teste2 -
Teste2 -
Teste2 -
Teste2 -
Teste2 -
Teste2 -
Teste2 -
Teste2 -
Teste2 -
Teste2 -
Teste2 -
Teste2 -
Teste2 -
Teste2 -
Teste2 -
Teste2 -
Teste2 -
Teste2 -
Teste2 -
Teste2 -
Teste2 -
Teste2 -
Teste2 -
Teste2 -
Teste2 -
Teste2 -
Teste2 -
Teste2 -
Teste2 -
Teste2 -
Teste2 -
Teste2 -
Teste2 -
Teste2 -
Teste2 -
Teste2 -
Teste2 -
Teste2 -
Teste2 -
Teste2 -
Teste2 -
Teste2 -
Teste2 -
Teste2 -
Teste2 -
Teste2 -
Teste2 -
Teste2 -
Teste2 -
Teste2 -
Teste2 -
Teste2 -
Teste2 -
Teste2 -
Teste2 -
Teste2 -
Teste2 -
Teste2 -
Teste2 -
Teste2 -
Teste2 -
Teste2 -
Teste2 -
Teste2 -
Teste2 -
Teste2 -
Teste2 -
Teste2 -
Teste2 -
Teste2 -
Teste2 -
Teste2 -
Teste2 -
Teste2 -
Teste2 -
Teste2 -
Teste2 -
Teste2 -
Teste2 -
Teste2 -
Teste2 -
Teste2 -
Teste2 -
Teste2 -
Teste2 -
Teste2 -
Teste2 -
Teste2 -
Teste2 -
Teste2 -
Teste2 -
Teste2 -
Teste2 -
Teste2 -
Teste2 -
Teste2 -
Teste2 -
Teste2 -
Teste2 -
Teste2 -
Teste2 -
Teste2 -
Teste2 -
Teste2 -
Teste2 -
Teste2 -
Teste2 -
Teste2 -
Teste2 -
Teste2 -
Teste2 -
Teste2 -
Teste2 -
Teste2 -
Teste2 -
Teste2 -
Teste2 -
Teste2 -
Teste2 -
Teste2 -
Teste2 -
Teste2 -
Teste2 -
Teste2 -
Teste2 -
Teste2 -
Teste2 -
Teste2 -
Teste2 -
Teste2 -
Teste2 -
Teste2 -
Teste2 -
Teste2 -
Teste2 -
Teste2 -
Teste2 -
Teste2 -
Teste2 -
Teste2 -
Teste2 -
Teste2 -
Teste2 -
Teste2 -
Teste2 -
Teste2 -
Teste2 -
Teste2 -
Teste2 -
Teste2 -
Teste2 -
Teste2 -
Teste2 -
Teste2 -
Teste2 -
Teste2 -
Teste2 -
Teste2 -
Teste2 -
Teste2 -
Teste2 -
Teste2 -
Teste2 -
Teste2 -
Teste2 -
Teste2 -
Teste2 -
Teste2 -
Teste2 -
Teste2 -
Teste2 -
Teste2 -
Teste2 -
Teste2 -
Teste2 -
Teste2 -
Teste2 -
Teste2 -
Teste2 -
Teste2 -
Teste2 -
Teste2 -
Teste2 -
Teste2 -
Teste2 -
Teste2 -
Teste2 -
Teste2 -
Teste2 -
Teste2 -
Teste2 -
Teste2 -
Teste2 -
Teste2 -
Teste2 -
Teste2 -
Teste2 -
Teste2 -
Teste2 -
Teste2 -
Teste2 -
Teste2 -
Teste2 -
Teste2 -
Teste2 -
Teste2 -
Teste2 -
Teste2 -
Teste2 -
Teste2 -
Teste2 -
Teste2 -
Teste2 -
Teste2 -
Teste2 -
Teste2 -
Teste2 -
Teste2 -
Teste2 -
Teste2 -
Teste2 -
Teste2 -
Teste2 -
Teste2 -
Teste2 -
Teste2 -
Teste2 -
Teste2 -
Teste2 -
Teste2 -
Teste2 -
Teste2 -
Teste2 -
Teste2 -
Teste2 -
Teste2 -
Teste2 -
Teste2 -
Teste2 -
Teste2 -
Teste2 -
Teste2 -
Teste2 -
Teste2 -
Teste2 -
Teste2 -
Teste2 -
Teste2 -
Teste2 -
Teste2 -
Teste2 -
Teste2 -
Teste2 -
Teste2 -
Teste2 -
Teste2 -
Teste2 -
Teste2 -
Teste2 -
Teste2 -
Teste2 -
Teste2 -
Teste2 -
Teste2 -
Teste2 -
Teste2 -
Teste2 -
Teste2 -
Teste2 -
Teste2 -
Teste2 -
Teste2 -
Teste2 -
Teste2 -
Teste2 -
Teste2 -
Teste2 -
Teste2 -
Teste2 -
Teste2 -
Teste2 -
Teste2 -
Teste2 -
Teste2 -
Teste2 -
Teste2 -
Teste2 -
Teste2 -
Teste2 -
Teste2 -
Teste2 -
Teste2 -
Teste2 -
Teste2 -
Teste2 -
Teste2 -
Teste2 -
Teste2 -
Teste2 -
Teste2 -
Teste2 -
Teste2 -
Teste2 -
Teste2 -
Teste2 -
Teste2 -
Teste2 -
Teste2 -
Teste2 -
Teste2 -
Teste2 -
Teste2 -
Teste2 -
Teste2 -
Teste2 -
Teste2 -
Teste2 -
Teste2 -
Teste2 -
Teste2 -
Teste2 -
Teste2 -
Teste2 -
Teste2 -
Teste2 -
Teste2 -
Teste2 -
Teste2 -
Teste2 -
Teste2 -
Teste2 -
Teste2 -
Teste2 -
Teste2 -
Teste2 -
Teste2 -
Teste2 -
Teste2 -
Teste2 -
Teste2 -
Teste2 -
Teste2 -
Teste2 -
Teste2 -
Teste2 -
Teste2 -
Teste2 -
Teste2 -
Teste2 -
Teste2 -
Teste2 -
Teste2 -
Teste2 -
Teste2 -
Teste2 -
Teste2 -
Teste2 -
Teste2 -
Teste2 -
Teste2 -
Teste2 -
Teste2 -
Teste2 -
Teste2 -
Teste2 -
Teste2 -
Teste2 -
Teste2 -
Teste2 -
Teste2 -
Teste2 -
Teste2 -
Teste2 -
Teste2 -
Teste2 -
Teste2 -
Teste2 -
Teste2 -
Teste2 -
Teste2 -
Teste2 -
Teste2 -
Teste2 -
Teste2 -
Teste2 -
Teste2 -
Teste2 -
Teste2 -
Teste2 -
Teste2 -
Teste2 -
Teste2 -
Teste2 -
Teste2 -
Teste2 -
Teste2 -
Teste2 -
Teste2 -
Teste2 -
Teste2 -
Teste2 -
Teste2 -
Teste2 -
Teste2 -
Teste2 -
Teste2 -
Teste2 -
Teste2 -
Teste2 -
Teste2 -
Teste2 -
Teste2 -
Teste2 -
Teste2 -
Teste2 -
Teste2 -
Teste2 -
Teste2 -
Teste2 -
Teste2 -
Teste2 -
Teste2 -
Teste2 -
Teste2 -
Teste2 -
Teste2 -
Teste2 -
Teste2 -
Teste2 -
Teste2 -
Teste2 -
Teste2 -
Teste2 -
Teste2 -
Teste2 -
Teste2 -
Teste2 -
Teste2 -
Teste2 -
Teste2 -
Teste2 -
Teste2 -
Teste2 -
Teste2 -
Teste2 -
Teste2 -
Teste2 -
Teste2 -
Teste2 -
Teste2 -
Teste2 -
Teste2 -
Teste2 -
Teste2 -
Teste2 -
Teste2 -
Teste2 -
Teste2 -
Teste2 -
Teste2 -
Teste2 -
Teste2 -
Teste2 -
Teste2 -
Teste2 -
Teste2 -
Teste2 -
Teste2 -
Teste2 -
Teste2 -
Teste2 -
Teste2 -
Teste2 -
Teste2 -
Teste2 -
Teste2 -
Teste2 -
Teste2 -
Teste2 -
Teste2 -
Teste2 -
Teste2 -
Teste2 -
Teste2 -
Teste2 -
Teste2 -
Teste2 -
Teste2 -
Teste2 -
Teste2 -
Teste2 -
Teste2 -
Teste2 -
Teste2 -
Teste2 -
Teste2 -
Teste2 -
Teste2 -
Teste2 -
Teste2 -
Teste2 -
Teste2 -
Teste2 -
Teste2 -
Teste2 -
Teste2 -
Teste2 -
Teste2 -
Teste2 -
Teste2 -
Teste2 -
Teste2 -
Teste2 -
Teste2 -
Teste2 -
Teste2 -
Teste2 -
Teste2 -
Teste2 -
Teste2 -
Teste2 -
Teste2 -
Teste2 -
Teste2 -
Teste2 -
Teste2 -
Teste2 -
Teste2 -
Teste2 -
Teste2 -
Teste2 -
Teste2 -
Teste2 -
Teste2 -
Teste2 -
Teste2 -
Teste2 -
Teste2 -
Teste2 -
Teste2 -
Teste2 -
Teste2 -
Teste2 -
Teste2 -
Teste2 -
Teste2 -
Teste2 -
Teste2 -
Teste2 -
Teste2 -
Teste2 -
Teste2 -
Teste2 -
Teste2 -
Teste2 -
Teste2 -
Teste2 -
Teste2 -
Teste2 -
Teste2 -
Teste2 -
Teste2 -
Teste2 -
Teste2 -
Teste2 -
Teste2 -
Teste2 -
Teste2 -
Teste2 -
Teste2 -
Teste2 -
Teste2 -
Teste2 -
Teste2 -
Teste2 -
Teste2 -
Teste2 -
Teste2 -
Teste2 -
Teste2 -
Teste2 -
Teste2 -
Teste2 -
Teste2 -
Teste2 -
Teste2 -
Teste2 -
Teste2 -
Teste2 -
Teste2 -
Teste2 -
Teste2 -
Teste2 -
Teste2 -
Teste2 -
Teste2 -
Teste2 -
Teste2 -
Teste2 -
Teste2 -
Teste2 -
Teste2 -
Teste2 -
Teste2 -
Teste2 -
Teste2 -
Teste2 -
Teste2 -
Teste2 -
Teste2 -
Teste2 -
Teste2 -
Teste2 -
Teste2 -
Teste2 -
Teste2 -
Teste2 -
Teste2 -
Teste2 -
Teste2 -
Teste2 -
Teste2 -
Teste2 -
Teste2 -
Teste2 -
Teste2 -
Teste2 -
Teste2 -
Teste2 -
Teste2 -
Teste2 -
Teste2 -
Teste2 -
Teste2 -
Teste2 -
Teste2 -
Teste2 -
Teste2 -
Teste2 -
Teste2 -
Teste2 -
Teste2 -
Teste2 -
Teste2 -
Teste2 -
Teste2 -
Teste2 -
Teste2 -
Teste2 -
Teste2 -
Teste2 -
Teste2 -
Teste2 -
Teste2 -
Teste2 -
Teste2 -
Teste2 -
Teste2 -
Teste2 -
Teste2 -
Teste2 -
Teste2 -
Teste2 -
Teste2 -
Teste2 -
Teste2 -
Teste2 -
Teste2 -
Teste2 -
Teste2 -
Teste2 -
Teste2 -
Teste2 -
Teste2 -
Teste2 -
Teste2 -
Teste2 -
Teste2 -
Teste2 -
Teste2 -
Teste2 -
Teste2 -
Teste2 -
Teste2 -
Teste2 -
Teste2 -
Teste2 -
Teste2 -
Teste2 -
Teste2 -
Teste2 -
Teste2 -
Teste2 -
Teste2 -
Teste2 -
Teste2 -
Teste2 -
Teste2 -
Teste2 -
Teste2 -
Teste2 -
Teste2 -
Teste2 -
Teste2 -
Teste2 -
Teste2 -
Teste2 -
Teste2 -
Teste2 -
Teste2 -
Teste2 -
Teste2 -
Teste2 -
Teste2 -
Teste2 -
Teste2 -
Teste2 -
Teste2 -
Teste2 -
Teste2 -
Teste2 -
Teste2 -
Teste2 -
Teste2 -
Teste2 -
Teste2 -
Teste2 -
Teste2 -
Teste2 -
Teste2 -
Teste2 -
Teste2 -
Teste2 -
Teste2 -
Teste2 -
Teste2 -
Teste2 -
Teste2 -
Teste2 -
Teste2 -
Teste2 -
Teste2 -
Teste2 -
Teste2 -
Teste2 -
Teste2 -
Teste2 -
Teste2 -
Teste2 -
Teste2 -
Teste2 -
Teste2 -
Teste2 -
Teste2 -
Teste2 -
Teste2 -
Teste2 -
Teste2 -
Teste2 -
Teste2 -
Teste2 -
Teste2 -
Teste2 -
Teste2 -
Teste2 -
Teste2 -
Teste2 -
Teste2 -
Teste2 -
Teste2 -
Teste2 -
Teste2 -
Teste2 -
Teste2 -
Teste2 -
Teste2 -
Teste2 -
Teste2 -
Teste2 -
Teste2 -
Teste2 -
Teste2 -
Teste2 -
Teste2 -
Teste2 -
Teste2 -
Teste2 -
Teste2 -
Teste2 -
Teste2 -
Teste2 -
Teste2 -
Teste2 -
Teste2 -
Teste2 -
Teste2 -
Teste2 -
Teste2 -
Teste2 -
Teste2 -
Teste2 -
Teste2 -
Teste2 -
Teste2 -
Teste2 -
Teste2 -
Teste2 -
Teste2 -
Teste2 -
Teste2 -
Teste2 -
Teste2 -
Teste2 -
Teste2 -
Teste2 -
Teste2 -
Teste2 -
Teste2 -
Teste2 -
Teste2 -
Teste2 -
Teste2 -
Teste2 -
Teste2 -
Teste2 -
Teste2 -
Teste2 -
Teste2 -
Teste2 -
Teste2 -
Teste2 -
Teste2 -
Teste2 -
Teste2 -
Teste2 -
Teste2 -
Teste2 -
Teste2 -
Teste2 -
Teste2 -
Teste2 -
Teste2 -
Teste2 -
Teste2 -
Teste2 -
Teste2 -
Teste2 -
Teste2 -
Teste2 -
Teste2 -
Teste2 -
Teste2 -
Teste2 -
Teste2 -
Teste2 -
Teste2 -
Teste2 -
Teste2 -
Teste2 -
Teste2 -
Teste2 -
Teste2 -
Teste2 -
Teste2 -
Teste2 -
Teste2 -
Teste2 -
Teste2 -
Teste2 -
Teste2 -
Teste2 -
Teste2 -
Teste2 -
Teste2 -
Teste2 -
Teste2 -
Teste2 -
Teste2 -
Teste2 -
Teste2 -
Teste2 -
Teste2 -
Teste2 -
Teste2 -
Teste2 -
Teste2 -
Teste2 -
Teste2 -
Teste2 -
Teste2 -
Teste2 -
Teste2 -
Teste2 -
Teste2 -
Teste2 -
Teste2 -
Teste2 -
Teste2 -
Teste2 -
Teste2 -
Teste2 -
Teste2 -
Teste2 -
Teste2 -
Teste2 -
Teste2 -
Teste2 -
Teste2 -
Teste2 -
Teste2 -
Teste2 -
Teste2 -
Teste2 -
Teste2 -
Teste2 -
Teste2 -
Teste2 -
Teste2 -
Teste2 -
Teste2 -
Teste2 -
Teste2 -
Teste2 -
Teste2 -
Teste2 -
Teste2 -
Teste2 -
Teste2 -
Teste2 -
Teste2 -
Teste2 -
Teste2 -
Teste2 -
Teste2 -
Teste2 -
Teste2 -
Teste2 -
Teste2 -
Teste2 -
Teste2 -
Teste2 -
Teste2 -
Teste2 -
Teste2 -
Teste2 -
Teste2 -
Teste2 -
Teste2 -
Teste2 -
Teste2 -
Teste2 -
Teste2 -
Teste2 -
Teste2 -
Teste2 -
Teste2 -
Teste2 -
Teste2 -
Teste2 -
Teste2 -
Teste2 -
Teste2 -
Teste2 -
Teste2 -
Teste2 -
Teste2 -
Teste2 -
Teste2 -
Teste2 -
Teste2 -
Teste2 -
Teste2 -
Teste2 -
Teste2 -
Teste2 -
Teste2 -
Teste2 -
Teste2 -
Teste2 -
Teste2 -
Teste2 -
Teste2 -
Teste2 -
Teste2 -
Teste2 -
Teste2 -
Teste2 -
Teste2 -
Teste2 -
Teste2 -
Teste2 -
Teste2 -
Teste2 -
Teste2 -
Teste2 -
Teste2 -
Teste2 -
Teste2 -
Teste2 -
Teste2 -
Teste2 -
Teste2 -
Teste2 -
Teste2 -
Teste2 -
Teste2 -
Teste2 -
Teste2 -
Teste2 -
Teste2 -
Teste2 -
Teste2 -
Teste2 -
Teste2 -
Teste2 -
Teste2 -
Teste2 -
Teste2 -
Teste2 -
Teste2 -
Teste2 -
Teste2 -
Teste2 -
Teste2 -
Teste2 -
Teste2 -
Teste2 -
Teste2 -
Teste2 -
Teste2 -
Teste2 -
Teste2 -
Teste2 -
Teste2 -
Teste2 -
Teste2 -
Teste2 -
Teste2 -
Teste2 -
Teste2 -
Teste2 -
Teste2 -
Teste2 -
Teste2 -
Teste2 -
Teste2 -
Teste2 -
Teste2 -
Teste2 -
Teste2 -
Teste2 -
Teste2 -
Teste2 -
Teste2 -
Teste2 -
Teste2 -
Teste2 -
Teste2 -
Teste2 -
Teste2 -
Teste2 -
Teste2 -
Teste2 -
Teste2 -
Teste2 -
Teste2 -
Teste2 -
Teste2 -
Teste2 -
Teste2 -
Teste2 -
Teste2 -
Teste2 -
Teste2 -
Teste2 -
Teste2 -
Teste2 -
Teste2 -
Teste2 -
Teste2 -
Teste2 -
Teste2 -
Teste2 -
Teste2 -
Teste2 -
Teste2 -
Teste2 -
Teste2 -
Teste2 -
Teste2 -
Teste2 -
Teste2 -
Teste2 -
Teste2 -
Teste2 -
Teste2 -
Teste2 -
Teste2 -
Teste2 -
Teste2 -
Teste2 -
Teste2 -
Teste2 -
Teste2 -
Teste2 -
Teste2 -
Teste2 -
Teste2 -
Teste2 -
Teste2 -
Teste2 -
Teste2 -
Teste2 -
Teste2 -
Teste2 -
Teste2 -
Teste2 -
Teste2 -
Teste2 -
Teste2 -
Teste2 -
Teste2 -
Teste2 -
Teste2 -
Teste2 -
Teste2 -
Teste2 -
Teste2 -
Teste2 -
Teste2 -
Teste2 -
Teste2 -
Teste2 -
Teste2 -
Teste2 -
Teste2 -
Teste2 -
Teste2 -
Teste2 -
Teste2 -
Teste2 -
Teste2 -
Teste2 -
Teste2 -
Teste2 -
Teste2 -
Teste2 -
Teste2 -
Teste2 -
Teste2 -
Teste2 -
Teste2 -
Teste2 -
Teste2 -
Teste2 -
Teste2 -
Teste2 -
Teste2 -
Teste2 -
Teste2 -
Teste2 -
Teste2 -
Teste2 -
Teste2 -
Teste2 -
Teste2 -
Teste2 -
Teste2 -
Teste2 -
Teste2 -
Teste2 -
Teste2 -
Teste2 -
Teste2 -
Teste2 -
Teste2 -
Teste2 -
Teste2 -
Teste2 -
Teste2 -
Teste2 -
Teste2 -
Teste2 -
Teste2 -
Teste2 -
Teste2 -
Teste2 -
Teste2 -
Teste2 -
Teste2 -
Teste2 -
Teste2 -
Teste2 -
Teste2 -
Teste2 -
Teste2 -
Teste2 -
Teste2 -
Teste2 -
Teste2 -
Teste2 -
Teste2 -
Teste2 -
Teste2 -
Teste2 -
Teste2 -
Teste2 -
Teste2 -
Teste2 -
Teste2 -
Teste2 -
Teste2 -
Teste2 -
Teste2 -
Teste2 -
Teste2 -
Teste2 -
Teste2 -
Teste2 -
Teste2 -
Teste2 -
Teste2 -
Teste2 -
Teste2 -
Teste2 -
Teste2 -
Teste2 -
Teste2 -
Teste2 -
Teste2 -
Teste2 -
Teste2 -
Teste2 -
Teste2 -
Teste2 -
Teste2 -
Teste2 -
Teste2 -
Teste2 -
Teste2 -
Teste2 -
Teste2 -
Teste2 -
Teste2 -
Teste2 -
Teste2 -
Teste2 -
Teste2 -
Teste2 -
Teste2 -
Teste2 -
Teste2 -
Teste2 -
Teste2 -
Teste2 -
Teste2 -
Teste2 -
Teste2 -
Teste2 -
Teste2 -
Teste2 -
Teste2 -
Teste2 -
Teste2 -
Teste2 -
Teste2 -
Teste2 -
Teste2 -
Teste2 -
Teste2 -
Teste2 -
Teste2 -
Teste2 -
Teste2 -
Teste2 -
Teste2 -
Teste2 -
Teste2 -
Teste2 -
Teste2 -
Teste2 -
Teste2 -
Teste2 -
Teste2 -
Teste2 -
Teste2 -
Teste2 -
Teste2 -
Teste2 -
Teste2 -
Teste2 -
Teste2 -
Teste2 -
Teste2 -
Teste2 -
Teste2 -
Teste2 -
Teste2 -
Teste2 -
Teste2 -
Teste2 -
Teste2 -
Teste2 -
Teste2 -
Teste2 -
Teste2 -
Teste2 -
Teste2 -
Teste2 -
Teste2 -
Teste2 -
Teste2 -
Teste2 -
Teste2 -
Teste2 -
Teste2 -
Teste2 -
Teste2 -
Teste2 -
Teste2 -
Teste2 -
Teste2 -
Teste2 -
Teste2 -
Teste2 -
Teste2 -
Teste2 -
Teste2 -
Teste2 -
Teste2 -
Teste2 -
Teste2 -
Teste2 -
Teste2 -
Teste2 -
Teste2 -
Teste2 -
Teste2 -
Teste2 -
Teste2 -
Teste2 -
Teste2 -
Teste2 -
Teste2 -
Teste2 -
Teste2 -
Teste2 -
Teste2 -
Teste2 -
Teste2 -
Teste2 -
Teste2 -
Teste2 -
Teste2 -
Teste2 -
Teste2 -
Teste2 -
Teste2 -
Teste2 -
Teste2 -
Teste2 -
Teste2 -
Teste2 -
Teste2 -
Teste2 -
Teste2 -
Teste2 -
Teste2 -
Teste2 -
Teste2 -
Teste2 -
Teste2 -
Teste2 -
Teste2 -
Teste2 -
Teste2 -
Teste2 -
Teste2 -
Teste2 -
Teste2 -
Teste2 -
Teste2 -
Teste2 -
Teste2 -
Teste2 -
Teste2 -
Teste2 -
Teste2 -
Teste2 -
Teste2 -
Teste2 -
Teste2 -
Teste2 -
Teste2 -
Teste2 -
Teste2 -
Teste2 -
Teste2 -
Teste2 -
Teste2 -
Teste2 -
Teste2 -
Teste2 -
Teste2 -
Teste2 -
Teste2 -
Teste2 -
Teste2 -
Teste2 -
Teste2 -
Teste2 -
Teste2 -
Teste2 -
Teste2 -
Teste2 -
Teste2 -
Teste2 -
Teste2 -
Teste2 -
Teste2 -
Teste2 -
Teste2 -
Teste2 -
Teste2 -
Teste2 -
Teste2 -
Teste2 -
Teste2 -
Teste2 -
Teste2 -
Teste2 -
Teste2 -
Teste2 -
Teste2 -
Teste2 -
Teste2 -
Teste2 -
Teste2 -
Teste2 -
Teste2 -
Teste2 -
Teste2 -
Teste2 -
Teste2 -
Teste2 -
Teste2 -
Teste2 -
Teste2 -
Teste2 -
Teste2 -
Teste2 -
Teste2 -
Teste2 -
Teste2 -
Teste2 -
Teste2 -
Teste2 -
Teste2 -
Teste2 -
Teste2 -
Teste2 -
Teste2 -
Teste2 -
Teste2 -
Teste2 -
Teste2 -
Teste2 -
Teste2 -
Teste2 -
Teste2 -
Teste2 -
Teste2 -
Teste2 -
Teste2 -
Teste2 -
Teste2 -
Teste2 -
Teste2 -
Teste2 -
Teste2 -
Teste2 -
Teste2 -
Teste2 -
Teste2 -
Teste2 0
Teste2 1
Teste2 0
Teste2 1
Teste2 2
Teste2 3
Teste2 4
Teste2 5
Teste2 6
Teste2 7
Teste2 8
Teste2 9
Teste2 10
Teste2 11
Teste2 12
Teste2 13
Teste2 14
Teste2 15
Teste2 16
Teste2 17
Teste2 18
Teste2 19
Teste2 20
Teste2 21
Teste2 22
Teste2 23
Teste2 24
Teste2 25
Teste2 26
Teste2 27
Teste2 28
Teste2 29
Teste2 30
Teste2 31
Teste2 32
Teste2 33
Teste2 34
Teste2 35
Teste2 36
Teste2 37
Teste2 38
Teste2 39
Teste2 40
Teste2 41
Teste2 42
Teste2 43
Teste2 44
Teste2 45
Teste2 46
Teste2 47
Teste2 48
Teste2 49
Teste2 50
Teste2 51
Teste2 52
Teste2 53
Teste2 54
Teste2 55
Teste2 56
Teste2 57
Teste2 58
Teste2 59
Teste2 60
Teste2 61
Teste2 62
Teste2 63
Teste2 64
Teste2 65
Teste2 66
Teste2 67
Teste2 68
Teste2 69
Teste2 70
Teste2 71
Teste2 72
Teste2 73
Teste2 74
Teste2 75
Teste2 76
Teste2 77
Teste2 78
Teste2 79
Teste2 80
Teste2 81
Teste2 82
Teste2 83
Teste2 84
Teste2 85
Teste2 86
Teste2 87
Teste2 88
Teste2 89
Teste2 90
Teste2 91
Teste2 92
Teste2 93
Teste2 94
Teste2 95
Teste2 96
Teste2 97
Teste2 98
Teste2 99
Teste2 100
Teste2 101
Teste2 102
Teste2 103
Teste2 104
Teste2 105
Teste2 106
Teste2 107
Teste2 108
Teste2 109
Teste2 110
Teste2 111
Teste2 112
Teste2 113
Teste2 114
Teste2 115
Teste2 116
Teste2 117
Teste2 118
Teste2 119
Teste2 120
Teste2 121
Teste2 122
Teste2 123
Teste2 124
Teste2 125
Teste2 126
Teste2 127
Teste2 128
Teste2 129
Teste2 130
Teste2 131
Teste2 132
Teste2 133
Teste2 134
Teste2 135
Teste2 136
Teste2 137
Teste2 138
Teste2 139
Teste2 140
Teste2 141
Teste2 142
Teste2 143
Teste2 144
Teste2 145
Teste2 146
Teste2 147
Teste2 148
Teste2 149
Teste2 150
Teste2 151
Teste2 152
Teste2 153
Teste2 154
Teste2 155
Teste2 156
Teste2 157
Teste2 158
Teste2 159
Teste2 160
Teste2 161
Teste2 162
Teste2 163
Teste2 164
Teste2 165
Teste2 166
Teste2 167
Teste2 168
Teste2 169
Teste2 170
Teste2 171
Teste2 172
Teste2 173
Teste2 174
Teste2 175
Teste2 176
Teste2 177
Teste2 178
Teste2 179
Teste2 180
Teste2 181
Teste2 182
Teste2 183
Teste2 184
Teste2 185
Teste2 186
Teste2 187
Teste2 188
Teste2 189
Teste2 190
Teste2 191
Teste2 192
Teste2 193
Teste2 194
Teste2 195
Teste2 196
Teste2 197
Teste2 198
Teste2 199
Teste2 200
Teste2 201
Teste2 202
Teste2 203
Teste2 204
Teste2 205
Teste2 206
Teste2 207
Teste2 208
Teste2 209
Teste2 210
Teste2 211
Teste2 212
Teste2 213
Teste2 214
Teste2 215
Teste2 216
Teste2 217
Teste2 218
Teste2 219
Teste2 220
Teste2 221
Teste2 222
Teste2 223
Teste2 224
Teste2 225
Teste2 226
Teste2 227
Teste2 228
Teste2 229
Teste2 230
Teste2 231
Teste2 232
Teste2 233
Teste2 234
Teste2 235
Teste2 236
Teste2 237
Teste2 238
Teste2 239
Teste2 240
Teste2 241
Teste2 242
Teste2 243
Teste2 244
Teste2 245
Teste2 246
Teste2 247
Teste2 248
Teste2 249
Teste2 250
Teste2 251
Teste2 252
Teste2 253
Teste2 254
Teste2 255
Teste2 256
Teste2 257
Teste2 258
Teste2 259
Teste2 260
Teste2 261
Teste2 262
Teste2 263
Teste2 264
Teste2 265
Teste2 266
Teste2 267
Teste2 268
Teste2 269
Teste2 270
Teste2 271
Teste2 272
Teste2 273
Teste2 274
Teste2 275
Teste2 276
Teste2 277
Teste2 278
Teste2 279
Teste2 280
Teste2 281
Teste2 282
Teste2 283
Teste2 284
Teste2 285
Teste2 286
Teste2 287
Teste2 288
Teste2 289
Teste2 290
Teste2 291
Teste2 292
Teste2 293
Teste2 294
Teste2 295
Teste2 296
Teste2 297
Teste2 298
Teste2 299
Teste2 300
Teste2 301
Teste2 302
Teste2 303
Teste2 304
Teste2 305
Teste2 306
Teste2 307
Teste2 308
Teste2 309
Teste2 310
Teste2 311
Teste2 312
Teste2 313
Teste2 314
Teste2 315
Teste2 316
Teste2 317
Teste2 318
Teste2 319
Teste2 320
Teste2 321
Teste2 322
Teste2 323
Teste2 324
Teste2 325
Teste2 326
Teste2 327
Teste2 328
Teste2 329
Teste2 330
Teste2 331
Teste2 332
Teste2 333
Teste2 334
Teste2 335
Teste2 336
Teste2 337
Teste2 338
Teste2 339
Teste2 340
Teste2 341
Teste2 342
Teste2 343
Teste2 344
Teste2 345
Teste2 346
Teste2 347
Teste2 348
Teste2 349
Teste2 350
Teste2 351
Teste2 352
Teste2 353
Teste2 354
Teste2 355
Teste2 356
Teste2 357
Teste2 358
Teste2 359
Teste2 360
Teste2 361
Teste2 362
Teste2 363
Teste2 364
Teste2 365
Teste2 366
Teste2 367
Teste2 368
Teste2 369
Teste2 370
Teste2 371
Teste2 372
Teste2 373
Teste2 374
Teste2 375
Teste2 376
Teste2 377
Teste2 378
Teste2 379
Teste2 380
Teste2 381
Teste2 382
Teste2 383
Teste2 384
Teste2 385
Teste2 386
Teste2 387
Teste2 388
Teste2 389
Teste2 390
Teste2 391
Teste2 392
Teste2 393
Teste2 394
Teste2 395
Teste2 396
Teste2 397
Teste2 398
Teste2 399
Teste2 400
Teste2 401
Teste2 402
Teste2 403
Teste2 404
Teste2 405
Teste2 406
Teste2 407
Teste2 408
Teste2 409
Teste2 410
Teste2 411
Teste2 412
Teste2 413
Teste2 414
Teste2 415
Teste2 416
Teste2 417
Teste2 418
Teste2 419
Teste2 420
Teste2 421
Teste2 422
Teste2 423
Teste2 424
Teste2 425
Teste2 426
Teste2 427
Teste2 428
Teste2 429
Teste2 430
Teste2 431
Teste2 432
Teste2 433
Teste2 434
Teste2 435
Teste2 436
Teste2 437
Teste2 438
Teste2 439
Teste2 440
Teste2 441
Teste2 442
Teste2 443
Teste2 444
Teste2 445
Teste2 446
Teste2 447
Teste2 448
Teste2 449
Teste2 450
Teste2 451
Teste2 452
Teste2 453
Teste2 454
Teste2 455
Teste2 456
Teste2 457
Teste2 458
Teste2 459
Teste2 460
Teste2 461
Teste2 462
Teste2 463
Teste2 464
Teste2 465
Teste2 466
Teste2 467
Teste2 468
Teste2 469
Teste2 470
Teste2 471
Teste2 472
Teste2 473
Teste2 474
Teste2 475
Teste2 476
Teste2 477
Teste2 478
Teste2 479
Teste2 480
Teste2 481
Teste2 482
Teste2 483
Teste2 484
Teste2 485
Teste2 486
Teste2 487
Teste2 488
Teste2 489
Teste2 490
Teste2 491
Teste2 492
Teste2 493
Teste2 494
Teste2 495
Teste2 496
Teste2 497
Teste2 498
Teste2 499
Teste2 500
Teste2 501
Teste2 502
Teste2 503
Teste2 504
Teste2 505
Teste2 506
Teste2 507
Teste2 508
Teste2 509
Teste2 510
Teste2 511
Teste2 512
Teste2 513
Teste2 514
Teste2 515
Teste2 516
Teste2 517
Teste2 518
Teste2 519
Teste2 520
Teste2 521
Teste2 522
Teste2 523
Teste2 524
Teste2 525
Teste2 526
Teste2 527
Teste2 528
Teste2 529
Teste2 530
Teste2 531
Teste2 532
Teste2 533
Teste2 534
Teste2 535
Teste2 536
Teste2 537
Teste2 538
Teste2 539
Teste2 540
Teste2 541
Teste2 542
Teste2 543
Teste2 544
Teste2 545
Teste2 546
Teste2 547
Teste2 548
Teste2 549
Teste2 550
Teste2 551
Teste2 552
Teste2 553
Teste2 554
Teste2 555
Teste2 556
Teste2 557
Teste2 558
Teste2 559
Teste2 560
Teste2 561
Teste2 562
Teste2 563
Teste2 564
Teste2 565
Teste2 566
Teste2 567
Teste2 568
Teste2 569
Teste2 570
Teste2 571
Teste2 572
Teste2 573
Teste2 574
Teste2 575
Teste2 576
Teste2 577
Teste2 578
Teste2 579
Teste2 580
Teste2 581
Teste2 582
Teste2 583
Teste2 584
Teste2 585
Teste2 586
Teste2 587
Teste2 588
Teste2 589
Teste2 590
Teste2 591
Teste2 592
Teste2 593
Teste2 594
Teste2 595
Teste2 596
Teste2 597
Teste2 598
Teste2 599
Teste2 600
Teste2 601
Teste2 602
Teste2 603
Teste2 604
Teste2 605
Teste2 606
Teste2 607
Teste2 608
Teste2 609
Teste2 610
Teste2 611
Teste2 612
Teste2 613
Teste2 614
Teste2 615
Teste2 616
Teste2 617
Teste2 618
Teste2 619
Teste2 620
Teste2 621
Teste2 622
Teste2 623
Teste2 624
Teste2 625
Teste2 626
Teste2 627
Teste2 628
Teste2 629
Teste2 630
Teste2 631
Teste2 632
Teste2 633
Teste2 634
Teste2 635
Teste2 636
Teste2 637
Teste2 638
Teste2 639
Teste2 640
Teste2 641
Teste2 642
Teste2 643
Teste2 644
Teste2 645
Teste2 646
Teste2 647
Teste2 648
Teste2 649
Teste2 650
Teste2 651
Teste2 652
Teste2 653
Teste2 654
Teste2 655
Teste2 656
Teste2 657
Teste2 658
Teste2 659
Teste2 660
Teste2 661
Teste2 662
Teste2 663
Teste2 664
Teste2 665
Teste2 666
Teste2 667
Teste2 668
Teste2 669
Teste2 670
Teste2 671
Teste2 672
Teste2 673
Teste2 674
Teste2 675
Teste2 676
Teste2 677
Teste2 678
Teste2 679
Teste2 680
Teste2 681
Teste2 682
Teste2 683
Teste2 684
Teste2 685
Teste2 686
Teste2 687
Teste2 688
Teste2 689
Teste2 690
Teste2 691
Teste2 692
Teste2 693
Teste2 694
Teste2 695
Teste2 696
Teste2 697
Teste2 698
Teste2 699
Teste2 700
Teste2 701
Teste2 702
Teste2 703
Teste2 704
Teste2 705
Teste2 706
Teste2 707
Teste2 708
Teste2 709
Teste2 710
Teste2 711
Teste2 712
Teste2 713
Teste2 714
Teste2 715
Teste2 716
Teste2 717
Teste2 718
Teste2 719
Teste2 720
Teste2 721
Teste2 722
Teste2 723
Teste2 724
Teste2 725
Teste2 726
Teste2 727
Teste2 728
Teste2 729
Teste2 730
Teste2 731
Teste2 732
Teste2 733
Teste2 734
Teste2 735
Teste2 736
Teste2 737
Teste2 738
Teste2 739
Teste2 740
Teste2 741
Teste2 742
Teste2 743
Teste2 744
Teste2 745
Teste2 746
Teste2 747
Teste2 748
Teste2 749
Teste2 750
Teste2 751
Teste2 752
Teste2 753
Teste2 754
Teste2 755
Teste2 756
Teste2 757
Teste2 758
Teste2 759
Teste2 760
Teste2 761
Teste2 762
Teste2 763
Teste2 764
Teste2 765
Teste2 766
Teste2 767
Teste2 768
Teste2 769
Teste2 770
Teste2 771
Teste2 772
Teste2 773
Teste2 774
Teste2 775
Teste2 776
Teste2 777
Teste2 778
Teste2 779
Teste2 780
Teste2 781
Teste2 782
Teste2 783
Teste2 784
Teste2 785
Teste2 786
Teste2 787
Teste2 788
Teste2 789
Teste2 790
Teste2 791
Teste2 792
Teste2 793
Teste2 794
Teste2 795
Teste2 796
Teste2 797
Teste2 798
Teste2 799
Teste2 800
Teste2 801
Teste2 802
Teste2 803
Teste2 804
Teste2 805
Teste2 806
Teste2 807
Teste2 808
Teste2 809
Teste2 810
Teste2 811
Teste2 812
Teste2 813
Teste2 814
Teste2 815
Teste2 816
Teste2 817
Teste2 818
Teste2 819
Teste2 820
Teste2 821
Teste2 822
Teste2 823
Teste2 824
Teste2 825
Teste2 826
Teste2 827
Teste2 828
Teste2 829
Teste2 830
Teste2 831
Teste2 832
Teste2 833
Teste2 834
Teste2 835
Teste2 836
Teste2 837
Teste2 838
Teste2 839
Teste2 840
Teste2 841
Teste2 842
Teste2 843
Teste2 844
Teste2 845
Teste2 846
Teste2 847
Teste2 848
Teste2 849
Teste2 850
Teste2 851
Teste2 852
Teste2 853
Teste2 854
Teste2 855
Teste2 856
Teste2 857
Teste2 858
Teste2 859
Teste2 860
Teste2 861
Teste2 862
Teste2 863
Teste2 864
Teste2 865
Teste2 866
Teste2 867
Teste2 868
Teste2 869
Teste2 870
Teste2 871
Teste2 872
Teste2 873
Teste2 874
Teste2 875
Teste2 876
Teste2 877
Teste2 878
Teste2 879
Teste2 880
Teste2 881
Teste2 882
Teste2 883
Teste2 884
Teste2 885
Teste2 886
Teste2 887
Teste2 888
Teste2 889
Teste2 890
Teste2 891
Teste2 892
Teste2 893
Teste2 894
Teste2 895
Teste2 896
Teste2 897
Teste2 898
Teste2 899
Teste2 900
Teste2 901
Teste2 902
Teste2 903
Teste2 904
Teste2 905
Teste2 906
Teste2 907
Teste2 908
Teste2 909
Teste2 910
Teste2 911
Teste2 912
Teste2 913
Teste2 914
Teste2 915
Teste2 916
Teste2 917
Teste2 918
Teste2 919
Teste2 920
Teste2 921
Teste2 922
Teste2 923
Teste2 924
Teste2 925
Teste2 926
Teste2 927
Teste2 928
Teste2 929
Teste2 930
Teste2 931
Teste2 932
Teste2 933
Teste2 934
Teste2 935
Teste2 936
Teste2 937
Teste2 938
Teste2 939
Teste2 940
Teste2 941
Teste2 942
Teste2 943
Teste2 944
Teste2 945
Teste2 946
Teste2 947
Teste2 948
Teste2 949
Teste2 950
Teste2 951
Teste2 952
Teste2 953
Teste2 954
Teste2 955
Teste2 956
Teste2 957
Teste2 958
Teste2 959
Teste2 960
Teste2 961
Teste2 962
Teste2 963
Teste2 964
Teste2 965
Teste2 966
Teste2 967
Teste2 968
Teste2 969
Teste2 970
Teste2 971
Teste2 972
Teste2 973
Teste2 974
Teste2 975
Teste2 976
Teste2 977
Teste2 978
Teste2 979
Teste2 980
Teste2 981
Teste2 982
Teste2 983
Teste2 984
Teste2 985
Teste2 986
Teste2 987
Teste2 988
Teste2 989
Teste2 990
Teste2 991
Teste2 992
Teste2 993
Teste2 994
Teste2 995
Teste2 996
Teste2 997
Teste2 998
Teste2 999
Teste2 1000
Teste2 1001
Teste2 1002
Teste2 1003
Teste2 1004
Teste2 1005
Teste2 1006
Teste2 1007
Teste2 1008
Teste2 1009
Teste2 1010
Teste2 1011
Teste2 1012
Teste2 1013
Teste2 1014
Teste2 1015
Teste2 1016
Teste2 1017
Teste2 1018
Teste2 1019
Teste2 1020
Teste2 1021
Teste2 1022
Teste2 1023
Teste2 1024
Teste2 1025
Teste2 1026
Teste2 1027
Teste2 1028
Teste2 1029
Teste2 1030
Teste2 1031
Teste2 1032
Teste2 1033
Teste2 1034
Teste2 1035
Teste2 1036
Teste2 1037
Teste2 1038
Teste2 1039
Teste2 1040
Teste2 1041
Teste2 1042
Teste2 1043
Teste2 1044
Teste2 1045
Teste2 1046
Teste2 1047
Teste2 1048
Teste2 1049
Teste2 1050
Teste2 1051
Teste2 1052
Teste2 1053
Teste2 1054
Teste2 1055
Teste2 1056
Teste2 1057
Teste2 1058
Teste2 1059
Teste2 1060
Teste2 1061
Teste2 1062
Teste2 1063
Teste2 1064
Teste2 1065
Teste2 1066
Teste2 1067
Teste2 1068
Teste2 1069
Teste2 1070
Teste2 1071
Teste2 1072
Teste2 1073
Teste2 1074
Teste2 1075
Teste2 1076
Teste2 1077
Teste2 1078
Teste2 1079
Teste2 1080
Teste2 1081
Teste2 1082
Teste2 1083
Teste2 1084
Teste2 1085
Teste2 1086
Teste2 1087
Teste2 1088
Teste2 1089
Teste2 1090
Teste2 1091
Teste2 1092
Teste2 1093
Teste2 1094
Teste2 1095
Teste2 1096
Teste2 1097
Teste2 1098
Teste2 1099
Teste2 1100
Teste2 1101
Teste2 1102
Teste2 1103
Teste2 1104
Teste2 1105
Teste2 1106
Teste2 1107
Teste2 1108
Teste2 1109
Teste2 1110
Teste2 1111
Teste2 1112
Teste2 1113
Teste2 1114
Teste2 1115
Teste2 1116
Teste2 1117
Teste2 1118
Teste2 1119
Teste2 1120
Teste2 1121
Teste2 1122
Teste2 1123
Teste2 1124
Teste2 1125
Teste2 1126
Teste2 1127
Teste2 1128
Teste2 1129
Teste2 1130
Teste2 1131
Teste2 1132
Teste2 1133
Teste2 1134
Teste2 1135
Teste2 1136
Teste2 1137
Teste2 1138
Teste2 1139
Teste2 1140
Teste2 1141
Teste2 1142
Teste2 1143
Teste2 1144
Teste2 1145
Teste2 1146
Teste2 1147
Teste2 1148
Teste2 1149
Teste2 1150
Teste2 1151
Teste2 1152
Teste2 1153
Teste2 1154
Teste2 1155
Teste2 1156
Teste2 1157
Teste2 1158
Teste2 1159
Teste2 1160
Teste2 1161
Teste2 1162
Teste2 1163
Teste2 1164
Teste2 1165
Teste2 1166
Teste2 1167
Teste2 1168
Teste2 1169
Teste2 1170
Teste2 1171
Teste2 1172
Teste2 1173
Teste2 1174
Teste2 1175
Teste2 1176
Teste2 1177
Teste2 1178
Teste2 1179
Teste2 1180
Teste2 1181
Teste2 1182
Teste2 1183
Teste2 1184
Teste2 1185
Teste2 1186
Teste2 1187
Teste2 1188
Teste2 1189
Teste2 1190
Teste2 1191
Teste2 1192
Teste2 1193
Teste2 1194
Teste2 1195
Teste2 1196
Teste2 1197
Teste2 1198
Teste2 1199
Teste2 1200
Teste2 1201
Teste2 1202
Teste2 1203
Teste2 1204
Teste2 1205
Teste2 1206
Teste2 1207
Teste2 1208
Teste2 1209
Teste2 1210
Teste2 1211
Teste2 1212
Teste2 1213
Teste2 1214
Teste2 1215
Teste2 1216
Teste2 1217
Teste2 1218
Teste2 1219
Teste2 1220
Teste2 1221
Teste2 1222
Teste2 1223
Teste2 1224
Teste2 1225
Teste2 1226
Teste2 1227
Teste2 1228
Teste2 1229
Teste2 1230
Teste2 1231
Teste2 1232
Teste2 1233
Teste2 1234
Teste2 1235
Teste2 1236
Teste2 1237
Teste2 1238
Teste2 1239
Teste2 1240
Teste2 1241
Teste2 1242
Teste2 1243
Teste2 1244
Teste2 1245
Teste2 1246
Teste2 1247
Teste2 1248
Teste2 1249
Teste2 1250
Teste2 1251
Teste2 1252
Teste2 1253
Teste2 1254
Teste2 1255
Teste2 1256
Teste2 1257
Teste2 1258
Teste2 1259
Teste2 1260
Teste2 1261
Teste2 1262
Teste2 1263
Teste2 1264
Teste2 1265
Teste2 1266
Teste2 1267
Teste2 1268
Teste2 1269
Teste2 1270
Teste2 1271
Teste2 1272
Teste2 1273
Teste2 1274
Teste2 1275
Teste2 1276
Teste2 1277
Teste2 1278
Teste2 1279
Teste2 1280
Teste2 1281
Teste2 1282
Teste2 1283
Teste2 1284
Teste2 1285
Teste2 1286
Teste2 1287
Teste2 1288
Teste2 1289
Teste2 1290
Teste2 1291
Teste2 1292
Teste2 1293
Teste2 1294
Teste2 1295
Teste2 1296
Teste2 1297
Teste2 1298
Teste2 1299
Teste2 1300
Teste2 1301
Teste2 1302
Teste2 1303
Teste2 1304
Teste2 1305
Teste2 1306
Teste2 1307
Teste2 1308
Teste2 1309
Teste2 1310
Teste2 1311
Teste2 1312
Teste2 1313
Teste2 1314
Teste2 1315
Teste2 1316
Teste2 1317
Teste2 1318
Teste2 1319
Teste2 1320
Teste2 1321
Teste2 1322
Teste2 1323
Teste2 1324
Teste2 1325
Teste2 1326
Teste2 1327
Teste2 1328
Teste2 1329
Teste2 1330
Teste2 1331
Teste2 1332
Teste2 1333
Teste2 1334
Teste2 1335
Teste2 1336
Teste2 1337
Teste2 1338
Teste2 1339
Teste2 1340
Teste2 1341
Teste2 1342
Teste2 1343
Teste2 1344
Teste2 1345
Teste2 1346
Teste2 1347
Teste2 1348
Teste2 1349
Teste2 1350
Teste2 1351
Teste2 1352
Teste2 1353
Teste2 1354
Teste2 1355
Teste2 1356
Teste2 1357
Teste2 1358
Teste2 1359
Teste2 1360
Teste2 1361
Teste2 1362
Teste2 1363
Teste2 1364
Teste2 1365
Teste2 1366
Teste2 1367
Teste2 1368
Teste2 1369
Teste2 1370
Teste2 1371
Teste2 1372
Teste2 1373
Teste2 1374
Teste2 1375
Teste2 1376
Teste2 1377
Teste2 1378
Teste2 1379
Teste2 1380
Teste2 1381
Teste2 1382
Teste2 1383
Teste2 1384
Teste2 1385
Teste2 1386
Teste2 1387
Teste2 1388
Teste2 1389
Teste2 1390
Teste2 1391
Teste2 1392
Teste2 1393
Teste2 1394
Teste2 1395
Teste2 1396
Teste2 1397
Teste2 1398
Teste2 1399
Teste2 1400
Teste2 1401
Teste2 1402
Teste2 1403
Teste2 1404
Teste2 1405
Teste2 1406
Teste2 1407
Teste2 1408
Teste2 1409
Teste2 1410
Teste2 1411
Teste2 1412
Teste2 1413
Teste2 1414
Teste2 1415
Teste2 1416
Teste2 1417
Teste2 1418
Teste2 1419
Teste2 1420
Teste2 1421
Teste2 1422
Teste2 1423
Teste2 1424
Teste2 1425
Teste2 1426
Teste2 1427
Teste2 1428
Teste2 1429
Teste2 1430
Teste2 1431
Teste2 1432
Teste2 1433
Teste2 1434
Teste2 1435
Teste2 1436
Teste2 1437
Teste2 1438
Teste2 1439
Teste2 1440
Teste2 1441
Teste2 1442
Teste2 1443
Teste2 1444
Teste2 1445
Teste2 1446
Teste2 1447
Teste2 1448
Teste2 1449
Teste2 1450
Teste2 1451
Teste2 1452
Teste2 1453
Teste2 1454
Teste2 1455
Teste2 1456
Teste2 1457
Teste2 1458
Teste2 1459
Teste2 1460
Teste2 1461
Teste2 1462
Teste2 1463
Teste2 1464
Teste2 1465
Teste2 1466
Teste2 1467
Teste2 1468
Teste2 1469
Teste2 1470
Teste2 1471
Teste2 1472
Teste2 1473
Teste2 1474
Teste2 1475
Teste2 1476
Teste2 1477
Teste2 1478
Teste2 1479
Teste2 1480
Teste2 1481
Teste2 1482
Teste2 1483
Teste2 1484
Teste2 1485
Teste2 1486
Teste2 1487
Teste2 1488
Teste2 1489
Teste2 1490
Teste2 1491
Teste2 1492
Teste2 1493
Teste2 1494
Teste2 1495
Teste2 1496
Teste2 1497
Teste2 1498
Teste2 1499
Teste2 1500
Teste2 1501
Teste2 1502
Teste2 1503
Teste2 1504
Teste2 1505
Teste2 1506
Teste2 1507
Teste2 1508
Teste2 1509
Teste2 1510
Teste2 1511
Teste2 1512
Teste2 1513
Teste2 1514
Teste2 1515
Teste2 1516
Teste2 1517
Teste2 1518
Teste2 1519
Teste2 1520
Teste2 1521
Teste2 1522
Teste2 1523
Teste2 1524
Teste2 1525
Teste2 1526
Teste2 1527
Teste2 1528
Teste2 1529
Teste2 1530
Teste2 1531
Teste2 1532
Teste2 1533
Teste2 1534
Teste2 1535
Teste2 1536
Teste2 1537
Teste2 1538
Teste2 1539
Teste2 1540
Teste2 1541
Teste2 1542
Teste2 1543
Teste2 1544
Teste2 1545
Teste2 1546
Teste2 1547
Teste2 1548
Teste2 1549
Teste2 1550
Teste2 1551
Teste2 1552
Teste2 1553
Teste2 1554
Teste2 1555
Teste2 1556
Teste2 1557
Teste2 1558
Teste2 1559
Teste2 1560
Teste2 1561
Teste2 1562
Teste2 1563
Teste2 1564
Teste2 1565
Teste2 1566
Teste2 1567
Teste2 1568
Teste2 1569
Teste2 1570
Teste2 1571
Teste2 1572
Teste2 1573
Teste2 1574
Teste2 1575
Teste2 1576
Teste2 1577
Teste2 1578
Teste2 1579
Teste2 1580
Teste2 1581
Teste2 1582
Teste2 1583
Teste2 1584
Teste2 1585
Teste2 1586
Teste2 1587
Teste2 1588
Teste2 1589
Teste2 1590
Teste2 1591
Teste2 1592
Teste2 1593
Teste2 1594
Teste2 1595
Teste2 1596
Teste2 1597
Teste2 1598
Teste2 1599
Teste2 1600
Teste2 1601
Teste2 1602
Teste2 1603
Teste2 1604
Teste2 1605
Teste2 1606
Teste2 1607
Teste2 1608
Teste2 1609
Teste2 1610
Teste2 1611
Teste2 1612
Teste2 1613
Teste2 1614
Teste2 1615
Teste2 1616
Teste2 1617
Teste2 1618
Teste2 1619
Teste2 1620
Teste2 1621
Teste2 1622
Teste2 1623
Teste2 1624
Teste2 1625
Teste2 1626
Teste2 1627
Teste2 1628
Teste2 1629
Teste2 1630
Teste2 1631
Teste2 1632
Teste2 1633
Teste2 1634
Teste2 1635
Teste2 1636
Teste2 1637
Teste2 1638
Teste2 1639
Teste2 1640
Teste2 1641
Teste2 1642
Teste2 1643
Teste2 1644
Teste2 1645
Teste2 1646
Teste2 1647
Teste2 1648
Teste2 1649
Teste2 1650
Teste2 1651
Teste2 1652
Teste2 1653
Teste2 1654
Teste2 1655
Teste2 1656
Teste2 1657
Teste2 1658
Teste2 1659
Teste2 1660
Teste2 1661
Teste2 1662
Teste2 1663
Teste2 1664
Teste2 1665
Teste2 1666
Teste2 1667
Teste2 1668
Teste2 1669
Teste2 1670
Teste2 1671
Teste2 1672
Teste2 1673
Teste2 1674
Teste2 1675
Teste2 1676
Teste2 1677
Teste2 1678
Teste2 1679
Teste2 1680
Teste2 1681
Teste2 1682
Teste2 1683
Teste2 1684
Teste2 1685
Teste2 1686
Teste2 1687
Teste2 1688
Teste2 1689
Teste2 1690
Teste2 1691
Teste2 1692
Teste2 1693
Teste2 1694
Teste2 1695
Teste2 1696
Teste2 1697
Teste2 1698
Teste2 1699
Teste2 1700
Teste2 1701
Teste2 1702
Teste2 1703
Teste2 1704
Teste2 1705
Teste2 1706
Teste2 1707
Teste2 1708
Teste2 1709
Teste2 1710
Teste2 1711
Teste2 1712
Teste2 1713
Teste2 1714
Teste2 1715
Teste2 1716
Teste2 1717
Teste2 1718
Teste2 1719
Teste2 1720
Teste2 1721
Teste2 1722
Teste2 1723
Teste2 1724
Teste2 1725
Teste2 1726
Teste2 1727
Teste2 1728
Teste2 1729
Teste2 1730
Teste2 1731
Teste2 1732
Teste2 1733
Teste2 1734
Teste2 1735
Teste2 1736
Teste2 1737
Teste2 1738
Teste2 1739
Teste2 1740
Teste2 1741
Teste2 1742
Teste2 1743
Teste2 1744
Teste2 1745
Teste2 1746
Teste2 1747
Teste2 1748
Teste2 1749
Teste2 1750
Teste2 1751
Teste2 1752
Teste2 1753
Teste2 1754
Teste2 1755
Teste2 1756
Teste2 1757
Teste2 1758
Teste2 1759
Teste2 1760
Teste2 1761
Teste2 1762
Teste2 1763
Teste2 1764
Teste2 1765
Teste2 1766
Teste2 1767
Teste2 1768
Teste2 1769
Teste2 1770
Teste2 1771
Teste2 1772
Teste2 1773
Teste2 1774
Teste2 1775
Teste2 1776
Teste2 1777
Teste2 1778
Teste2 1779
Teste2 1780
Teste2 1781
Teste2 1782
Teste2 1783
Teste2 1784
Teste2 1785
Teste2 1786
Teste2 1787
Teste2 1788
Teste2 1789
Teste2 1790
Teste2 1791
Teste2 1792
Teste2 1793
Teste2 1794
Teste2 1795
Teste2 1796
Teste2 1797
Teste2 1798
Teste2 1799
Teste2 1800
Teste2 1801
Teste2 1802
Teste2 1803
Teste2 1804
Teste2 1805
Teste2 1806
Teste2 1807
Teste2 1808
Teste2 1809
Teste2 1810
Teste2 1811
Teste2 1812
Teste2 1813
Teste2 1814
Teste2 1815
Teste2 1816
Teste2 1817
Teste2 1818
Teste2 1819
Teste2 1820
Teste2 1821
Teste2 1822
Teste2 1823
Teste2 1824
Teste2 1825
Teste2 1826
Teste2 1827
Teste2 1828
Teste2 1829
Teste2 1830
Teste2 1831
Teste2 1832
Teste2 1833
Teste2 1834
Teste2 1835
Teste2 1836
Teste2 1837
Teste2 1838
Teste2 1839
Teste2 1840
Teste2 1841
Teste2 1842
Teste2 1843
Teste2 1844
Teste2 1845
Teste2 1846
Teste2 1847
Teste2 1848
Teste2 1849
Teste2 1850
Teste2 1851
Teste2 1852
Teste2 1853
Teste2 1854
Teste2 1855
Teste2 1856
Teste2 1857
Teste2 1858
Teste2 1859
Teste2 1860
Teste2 1861
Teste2 1862
Teste2 1863
Teste2 1864
Teste2 1865
Teste2 1866
Teste2 1867
Teste2 1868
Teste2 1869
Teste2 1870
Teste2 1871
Teste2 1872
Teste2 1873
Teste2 1874
Teste2 1875
Teste2 1876
Teste2 1877
Teste2 1878
Teste2 1879
Teste2 1880
Teste2 1881
Teste2 1882
Teste2 1883
Teste2 1884
Teste2 1885
Teste2 1886
Teste2 1887
Teste2 1888
Teste2 1889
Teste2 1890
Teste2 1891
Teste2 1892
Teste2 1893
Teste2 1894
Teste2 1895
Teste2 1896
Teste2 1897
Teste2 1898
Teste2 1899
Teste2 1900
Teste2 1901
Teste2 1902
Teste2 1903
Teste2 1904
Teste2 1905
Teste2 1906
Teste2 1907
Teste2 1908
Teste2 1909
Teste2 1910
Teste2 1911
Teste2 1912
Teste2 1913
Teste2 1914
Teste2 1915
Teste2 1916
Teste2 1917
Teste2 1918
Teste2 1919
Teste2 1920
Teste2 1921
Teste2 1922
Teste2 1923
Teste2 1924
Teste2 1925
Teste2 1926
Teste2 1927
Teste2 1928
Teste2 1929
Teste2 1930
Teste2 1931
Teste2 1932
Teste2 1933
Teste2 1934
Teste2 1935
Teste2 1936
Teste2 1937
Teste2 1938
Teste2 1939
Teste2 1940
Teste2 1941
Teste2 1942
Teste2 1943
Teste2 1944
Teste2 1945
Teste2 1946
Teste2 1947
Teste2 1948
Teste2 1949
Teste2 1950
Teste2 1951
Teste2 1952
Teste2 1953
Teste2 1954
Teste2 1955
Teste2 1956
Teste2 1957
Teste2 1958
Teste2 1959
Teste2 1960
Teste2 1961
Teste2 1962
Teste2 1963
Teste2 1964
Teste2 1965
Teste2 1966
Teste2 1967
Teste2 1968
Teste2 1969
Teste2 1970
Teste2 1971
Teste2 1972
Teste2 1973
Teste2 1974
Teste2 1975
Teste2 1976
Teste2 1977
Teste2 1978
Teste2 1979
Teste2 1980
Teste2 1981
Teste2 1982
Teste2 1983
Teste2 1984
Teste2 1985
Teste2 1986
Teste2 1987
Teste2 1988
Teste2 1989
Teste2 1990
Teste2 1991
Teste2 1992
Teste2 1993
Teste2 1994
Teste2 1995
Teste2 1996
Teste2 1997
Teste2 1998
Teste2 1999
Teste2 2000
Teste2 2001
Teste2 2002
Teste2 2003
Teste2 2004
Teste2 2005
Teste2 2006
Teste2 2007
Teste2 2008
Teste2 2009
Teste2 2010
Teste2 2011
Teste2 2012
Teste2 2013
Teste2 2014
Teste2 2015
Teste2 2016
Teste2 2017
Teste2 2018
Teste2 2019
Teste2 2020
Teste2 2021
Teste2 2022
Teste2 2023
Teste2 2024
Teste2 2025
Teste2 2026
Teste2 2027
Teste2 2028
Teste2 2029
Teste2 2030
Teste2 2031
Teste2 2032
Teste2 2033
Teste2 2034
Teste2 2035
Teste2 2036
Teste2 2037
Teste2 2038
Teste2 2039
Teste2 2040
Teste2 2041
Teste2 2042
Teste2 2043
Teste2 2044
Teste2 2045
Teste2 2046
Teste2 2047
Teste2 2048
Teste2 2049
Teste2 2050
Teste2 2051
Teste2 2052
Teste2 2053
Teste2 2054
Teste2 2055
Teste2 2056
Teste2 2057
Teste2 2058
Teste2 2059
Teste2 2060
Teste2 2061
Teste2 2062
Teste2 2063
Teste2 2064
Teste2 2065
Teste2 2066
Teste2 2067
Teste2 2068
Teste2 2069
Teste2 2070
Teste2 2071
Teste2 2072
Teste2 2073
Teste2 2074
Teste2 2075
Teste2 2076
Teste2 2077
Teste2 2078
Teste2 2079
Teste2 2080
Teste2 2081
Teste2 2082
Teste2 2083
Teste2 2084
Teste2 2085
Teste2 2086
Teste2 2087
Teste2 2088
Teste2 2089
Teste2 2090
Teste2 2091
Teste2 2092
Teste2 2093
Teste2 2094
Teste2 2095
Teste2 2096
Teste2 2097
Teste2 2098
Teste2 2099
Teste2 2100
Teste2 2101
Teste2 2102
Teste2 2103
Teste2 2104
Teste2 2105
Teste2 2106
Teste2 2107
Teste2 2108
Teste2 2109
Teste2 2110
Teste2 2111
Teste2 2112
Teste2 2113
Teste2 2114
Teste2 2115
Teste2 2116
Teste2 2117
Teste2 2118
Teste2 2119
Teste2 2120
Teste2 2121
Teste2 2122
Teste2 2123
Teste2 2124
Teste2 2125
Teste2 2126
Teste2 2127
Teste2 2128
Teste2 2129
Teste2 2130
Teste2 2131
Teste2 2132
Teste2 2133
Teste2 2134
Teste2 2135
Teste2 2136
Teste2 2137
Teste2 2138
Teste2 2139
Teste2 2140
Teste2 2141
Teste2 2142
Teste2 2143
Teste2 2144
Teste2 2145
Teste2 2146
Teste2 2147
Teste2 2148
Teste2 2149
Teste2 2150
Teste2 2151
Teste2 2152
Teste2 2153
Teste2 2154
Teste2 2155
Teste2 2156
Teste2 2157
Teste2 2158
Teste2 2159
Teste2 2160
Teste2 2161
Teste2 2162
Teste2 2163
Teste2 2164
Teste2 2165
Teste2 2166
Teste2 2167
Teste2 2168
Teste2 2169
Teste2 2170
Teste2 2171
Teste2 2172
Teste2 2173
Teste2 2174
Teste2 2175
Teste2 2176
Teste2 2177
Teste2 2178
Teste2 2179
Teste2 2180
Teste2 2181
Teste2 2182
Teste2 2183
Teste2 2184
Teste2 2185
Teste2 2186
Teste2 2187
Teste2 2188
Teste2 2189
Teste2 2190
Teste2 2191
Teste2 2192
Teste2 2193
Teste2 2194
Teste2 2195
Teste2 2196
Teste2 2197
Teste2 2198
Teste2 2199
Teste2 2200
Teste2 2201
Teste2 2202
Teste2 2203
Teste2 2204
Teste2 2205
Teste2 2206
Teste2 2207
Teste2 2208
Teste2 2209
Teste2 2210
Teste2 2211
Teste2 2212
Teste2 2213
Teste2 2214
Teste2 2215
Teste2 2216
Teste2 2217
Teste2 2218
Teste2 2219
Teste2 2220
Teste2 2221
Teste2 2222
Teste2 2223
Teste2 2224
Teste2 2225
Teste2 2226
Teste2 2227
Teste2 2228
Teste2 2229
Teste2 2230
Teste2 2231
Teste2 2232
Teste2 2233
Teste2 2234
Teste2 2235
Teste2 2236
Teste2 2237
Teste2 2238
Teste2 2239
Teste2 2240
Teste2 2241
Teste2 2242
Teste2 2243
Teste2 2244
Teste2 2245
Teste2 2246
Teste2 2247
Teste2 2248
Teste2 2249
Teste2 2250
Teste2 2251
Teste2 2252
Teste2 2253
Teste2 2254
Teste2 2255
Teste2 2256
Teste2 2257
Teste2 2258
Teste2 2259
Teste2 2260
Teste2 2261
Teste2 2262
Teste2 2263
Teste2 2264
Teste2 2265
Teste2 2266
Teste2 2267
Teste2 2268
Teste2 2269
