teste 1
teste 2
teste 3
teste 10
teste 11
teste 33
teste 333
teste 3333
Novo Teste 1
Novo Teste 1
Novo Teste 21
Novo Teste 21
Novo Teste 2ddd1
Novo Testaaae 2ddd1
Novo Testaaae 2ddd1
Novo Testaasfsasfdasdaae 2ddd1
Novo Testaasfsasfdasdaae 2ddd1
Novo Testaasfsasfdasdaae 2ddd1
Novo Testaasfsasfdasdaae 2ddd1
Novo Testaasfsasfdasdaae 2ddd1
Novo Testaasfsasfdasdaae 2ddd1
Novo Testaasfsasfdasdaae 2ddd1
Novo Testaasfsasfdasdaae 2ddd1
Novo Testaasfsasfdasdaae 2ddd1
Novo Testaasfsasfdasdaae 2ddd1
Novo Testaasfsasfdasdaae 2ddd1
Novo Testaasfsasfdasdaae 2ddd1
Novo Testaasfsasfdasdaae 2ddd1
Novo Testaasfsasfdasdaae 2ddd1
Novo Testaasfsasfdasdaae 2ddd1
Novo Testaasfsasfdasdaae 2ddd1
Novo Testaasfsasfdasdaae 2ddd1
Testando 2ddd1
Testando 2ddd1
Testando 2ddd1
Testando 2ddd1
Testando 2ddd1
Testando 2ddd1
Testando 2ddd1
Testando 2ddd1
Testando 2ddd1
Testando 2ddd1
Testando 2ddd1
Testando 2ddd1
Testando 2ddd1
Testando 2ddd1
Testando 2ddd1
Testando 2ddd1
Testando 2ddd1
Teste -
Teste -
Teste -
Teste -
Teste -
Teste -
Teste -
Teste -
Teste -
Teste -
Teste -
Teste -
Teste -
Teste -
Teste -
Teste -
Teste -
Teste -
Teste -
Teste -
Teste -
Teste -
Teste -
Teste -
Teste -
Teste -
Teste -
Teste -
Teste -
Teste -
Teste -
Teste -
Teste -
Teste -
Teste -
Teste -
Teste -
Teste -
Teste -
Teste -
Teste -
Teste -
Teste -
Teste -
Teste -
Teste -
Teste -
Teste -
Teste -
Teste -
Teste -
Teste -
Teste -
Teste -
Teste -
Teste -
Teste -
Teste -
Teste -
Teste -
Teste -
Teste -
Teste -
Teste -
Teste -
Teste -
Teste -
Teste -
Teste -
Teste -
Teste -
Teste -
Teste -
Teste -
Teste -
Teste -
Teste -
Teste -
Teste -
Teste -
Teste -
Teste -
Teste -
Teste -
Teste -
Teste -
Teste -
Teste -
Teste -
Teste -
Teste -
Teste -
Teste -
Teste -
Teste -
Teste -
Teste -
Teste -
Teste -
Teste -
Teste -
Teste -
Teste -
Teste -
Teste -
Teste -
Teste -
Teste -
Teste -
Teste -
Teste -
Teste -
Teste -
Teste -
Teste -
Teste -
Teste -
Teste -
Teste -
Teste -
Teste -
Teste -
Teste -
Teste -
Teste -
Teste -
Teste -
Teste -
Teste -
Teste -
Teste -
Teste -
Teste -
Teste -
Teste -
Teste -
Teste -
Teste -
Teste -
Teste -
Teste -
Teste -
Teste -
Teste -
Teste -
Teste -
Teste -
Teste -
Teste -
Teste -
Teste -
Teste -
Teste -
Teste -
Teste -
Teste -
Teste -
Teste -
Teste -
Teste -
Teste -
Teste -
Teste -
Teste -
Teste -
Teste -
Teste -
Teste -
Teste -
Teste -
Teste -
Teste -
Teste -
Teste -
Teste -
Teste -
Teste -
Teste -
Teste -
Teste -
Teste -
Teste -
Teste -
Teste -
Teste -
Teste -
Teste -
Teste -
Teste -
Teste -
Teste -
Teste -
Teste -
Teste -
Teste -
Teste -
Teste -
Teste -
Teste -
Teste -
Teste -
Teste -
Teste -
Teste -
Teste -
Teste -
Teste -
Teste -
Teste -
Teste -
Teste -
Teste -
Teste -
Teste -
Teste -
Teste -
Teste -
Teste -
Teste -
Teste -
Teste -
Teste -
Teste -
Teste -
Teste -
Teste -
Teste -
Teste -
Teste -
Teste -
Teste -
Teste -
Teste -
Teste -
Teste -
Teste -
Teste -
Teste -
Teste -
Teste -
Teste -
Teste -
Teste -
Teste -
Teste -
Teste -
Teste -
Teste -
Teste -
Teste -
Teste -
Teste -
Teste -
Teste -
Teste -
Teste -
Teste -
Teste -
Teste -
Teste -
Teste -
Teste -
Teste -
Teste -
Teste -
Teste -
Teste -
Teste -
Teste -
Teste -
Teste -
Teste -
Teste -
Teste -
Teste -
Teste -
Teste -
Teste -
Teste -
Teste -
Teste -
Teste -
Teste -
Teste -
Teste -
Teste -
Teste -
Teste -
Teste -
Teste -
Teste -
Teste -
Teste -
Teste -
Teste -
Teste -
Teste -
Teste -
Teste -
Teste -
Teste -
Teste -
Teste -
Teste -
Teste -
Teste -
Teste -
Teste -
Teste -
Teste -
Teste -
Teste -
Teste -
Teste -
Teste -
Teste -
Teste -
Teste -
Teste -
Teste -
Teste -
Teste -
Teste -
Teste -
Teste -
Teste -
Teste -
Teste -
Teste -
Teste -
Teste -
Teste -
Teste -
Teste -
Teste -
Teste -
Teste -
Teste -
Teste -
Teste -
Teste -
Teste -
Teste -
Teste -
Teste -
Teste -
Teste -
Teste -
Teste -
Teste -
Teste -
Teste -
Teste -
Teste -
Teste -
Teste -
Teste -
Teste -
Teste -
Teste -
Teste -
Teste -
Teste -
Teste -
Teste -
Teste -
Teste -
Teste -
Teste -
Teste -
Teste -
Teste -
Teste -
Teste -
Teste -
Teste -
Teste -
Teste -
Teste -
Teste -
Teste -
Teste -
Teste -
Teste -
Teste -
Teste -
Teste -
Teste -
Teste -
Teste -
Teste -
Teste -
Teste -
Teste -
Teste -
Teste -
Teste -
Teste -
Teste -
Teste -
Teste -
Teste -
Teste -
Teste -
Teste -
Teste -
Teste -
Teste -
Teste -
Teste -
Teste -
Teste -
Teste -
Teste -
Teste -
Teste -
Teste -
Teste -
Teste -
Teste -
Teste -
Teste -
Teste -
Teste -
Teste -
Teste -
Teste -
Teste -
Teste -
Teste -
Teste -
Teste -
Teste -
Teste -
Teste -
Teste -
Teste -
Teste -
Teste -
Teste -
Teste -
Teste -
Teste -
Teste -
Teste -
Teste -
Teste -
Teste -
Teste -
Teste -
Teste -
Teste -
Teste -
Teste -
Teste -
Teste -
Teste -
Teste -
Teste -
Teste -
Teste -
Teste -
Teste -
Teste -
Teste -
Teste -
Teste -
Teste -
Teste -
Teste -
Teste -
Teste -
Teste -
Teste -
Teste -
Teste -
Teste -
Teste -
Teste -
Teste -
Teste -
Teste -
Teste -
Teste -
Teste -
Teste -
Teste -
Teste -
Teste -
Teste -
Teste -
Teste -
Teste -
Teste -
Teste -
Teste -
Teste -
Teste -
Teste -
Teste -
Teste -
Teste -
Teste -
Teste -
Teste -
Teste -
Teste -
Teste -
Teste -
Teste -
Teste -
Teste -
Teste -
Teste -
Teste -
Teste -
Teste -
Teste -
Teste -
Teste -
Teste -
Teste -
Teste -
Teste -
Teste -
Teste -
Teste -
Teste -
Teste -
Teste -
Teste -
Teste -
Teste -
Teste -
Teste -
Teste -
Teste -
Teste -
Teste -
Teste -
Teste -
Teste -
Teste -
Teste -
Teste -
Teste -
Teste -
Teste -
Teste -
Teste -
Teste -
Teste -
Teste -
Teste -
Teste -
Teste -
Teste -
Teste -
Teste -
Teste -
Teste -
Teste -
Teste -
Teste -
Teste -
Teste -
Teste -
Teste -
Teste -
Teste -
Teste -
Teste -
Teste -
Teste -
Teste -
Teste -
Teste -
Teste -
Teste -
Teste -
Teste -
Teste -
Teste -
Teste -
Teste -
Teste -
Teste -
Teste -
Teste -
Teste -
Teste -
Teste -
Teste -
Teste -
Teste -
Teste -
Teste -
Teste -
Teste -
Teste -
Teste -
Teste -
Teste -
Teste -
Teste -
Teste -
Teste -
Teste -
Teste -
Teste -
Teste -
Teste -
Teste -
Teste -
Teste -
Teste -
Teste -
Teste -
Teste -
Teste -
Teste -
Teste -
Teste -
Teste -
Teste -
Teste -
Teste -
Teste -
Teste -
Teste -
Teste -
Teste -
Teste -
Teste -
Teste -
Teste -
Teste -
Teste -
Teste -
Teste -
Teste -
Teste -
Teste -
Teste -
Teste -
Teste -
Teste -
Teste -
Teste -
Teste -
Teste -
Teste -
Teste -
Teste -
Teste -
Teste -
Teste -
Teste -
Teste -
Teste -
Teste -
Teste -
Teste -
Teste -
Teste -
Teste -
Teste -
Teste -
Teste -
Teste -
Teste -
Teste -
Teste -
Teste -
Teste -
Teste -
Teste -
Teste -
Teste -
Teste -
Teste -
Teste -
Teste -
Teste -
Teste -
Teste -
Teste -
Teste -
Teste -
Teste -
Teste -
Teste -
Teste -
Teste -
Teste -
Teste -
Teste -
Teste -
Teste -
Teste -
Teste -
Teste -
Teste -
Teste -
Teste -
Teste -
Teste -
Teste -
Teste -
Teste -
Teste -
Teste -
Teste -
Teste -
Teste -
Teste -
Teste -
Teste -
Teste -
Teste -
Teste -
Teste -
Teste -
Teste -
Teste -
Teste -
Teste -
Teste -
Teste -
Teste -
Teste -
Teste -
Teste -
Teste -
Teste -
Teste -
Teste -
Teste -
Teste -
Teste -
Teste -
Teste -
Teste -
Teste -
Teste -
Teste -
Teste -
Teste -
Teste -
Teste -
Teste -
Teste -
Teste -
Teste -
Teste -
Teste -
Teste -
Teste -
Teste -
Teste -
Teste -
Teste -
Teste -
Teste -
Teste -
Teste -
Teste -
Teste -
Teste -
Teste -
Teste -
Teste -
Teste -
Teste -
Teste -
Teste -
Teste -
Teste -
Teste -
Teste -
Teste -
Teste -
Teste -
Teste -
Teste -
Teste -
Teste -
Teste -
Teste -
Teste -
Teste -
Teste -
Teste -
Teste -
Teste -
Teste -
Teste -
Teste -
Teste -
Teste -
Teste -
Teste -
Teste -
Teste -
Teste -
Teste -
Teste -
Teste -
Teste -
Teste -
Teste -
Teste -
Teste -
Teste -
Teste -
Teste -
Teste -
Teste -
Teste -
Teste -
Teste -
Teste -
Teste -
Teste -
Teste -
Teste -
Teste -
Teste -
Teste -
Teste -
Teste -
Teste -
Teste -
Teste -
Teste -
Teste -
Teste -
Teste -
Teste -
Teste -
Teste -
Teste -
Teste -
Teste -
Teste -
Teste -
Teste -
Teste -
Teste -
Teste -
Teste -
Teste -
Teste -
Teste -
Teste -
Teste -
Teste -
Teste -
Teste -
Teste -
Teste -
Teste -
Teste -
Teste -
Teste -
Teste -
Teste -
Teste -
Teste -
Teste -
Teste -
Teste -
Teste -
Teste -
Teste -
Teste -
Teste -
Teste -
Teste -
Teste -
Teste -
Teste -
Teste -
Teste -
Teste -
Teste -
Teste -
Teste -
Teste -
Teste -
Teste -
Teste -
Teste -
Teste -
Teste -
Teste -
Teste -
Teste -
Teste -
Teste -
Teste -
Teste -
Teste -
Teste -
Teste -
Teste -
Teste -
Teste -
Teste -
Teste -
Teste -
Teste -
Teste -
Teste -
Teste -
Teste -
Teste -
Teste -
Teste -
Teste -
Teste -
Teste -
Teste -
Teste -
Teste -
Teste -
Teste -
Teste -
Teste -
Teste -
Teste -
Teste -
Teste -
Teste -
Teste -
Teste -
Teste -
Teste -
Teste -
Teste -
Teste -
Teste -
Teste -
Teste -
Teste -
Teste -
Teste -
Teste -
Teste -
Teste -
Teste -
Teste -
Teste -
Teste -
Teste -
Teste -
Teste -
Teste -
Teste -
Teste -
Teste -
Teste -
Teste -
Teste -
Teste -
Teste -
Teste -
Teste -
Teste -
Teste -
Teste -
Teste -
Teste -
Teste -
Teste -
Teste -
Teste -
Teste -
Teste -
Teste -
Teste -
Teste -
Teste -
Teste -
Teste -
Teste -
Teste -
Teste -
Teste -
Teste -
Teste -
Teste -
Teste -
Teste -
Teste -
Teste -
Teste -
Teste -
Teste -
Teste -
Teste -
Teste -
Teste -
Teste -
Teste -
Teste -
Teste -
Teste -
Teste -
Teste -
Teste -
Teste -
Teste -
Teste -
Teste -
Teste -
Teste -
Teste -
Teste -
Teste -
Teste -
Teste -
Teste -
Teste -
Teste -
Teste -
Teste -
Teste -
Teste -
Teste -
Teste -
Teste -
Teste -
Teste -
Teste -
Teste -
Teste -
Teste -
Teste -
Teste -
Teste -
Teste -
Teste -
Teste -
Teste -
Teste -
Teste -
Teste -
Teste -
Teste -
Teste -
Teste -
Teste -
Teste -
Teste -
Teste -
Teste -
Teste -
Teste -
Teste -
Teste -
Teste -
Teste -
Teste -
Teste -
Teste -
Teste -
Teste -
Teste -
Teste -
Teste -
Teste -
Teste -
Teste -
Teste -
Teste -
Teste -
Teste -
Teste -
Teste -
Teste -
Teste -
Teste -
Teste -
Teste -
Teste -
Teste -
Teste -
Teste -
Teste -
Teste -
Teste -
Teste -
Teste -
Teste -
Teste -
Teste -
Teste -
Teste -
Teste -
Teste -
Teste -
Teste -
Teste -
Teste -
Teste -
Teste -
Teste -
Teste -
Teste -
Teste -
Teste -
Teste -
Teste -
Teste -
Teste -
Teste -
Teste -
Teste -
Teste -
Teste -
Teste -
Teste -
Teste -
Teste -
Teste -
Teste -
Teste -
Teste -
Teste -
Teste -
Teste -
Teste -
Teste -
Teste -
Teste -
Teste -
Teste -
Teste -
Teste -
Teste -
Teste -
Teste -
Teste -
Teste -
Teste -
Teste -
Teste -
Teste -
Teste -
Teste -
Teste -
Teste -
Teste -
Teste -
Teste -
Teste -
Teste -
Teste -
Teste -
Teste -
Teste -
Teste -
Teste -
Teste -
Teste -
Teste -
Teste -
Teste -
Teste -
Teste -
Teste -
Teste -
Teste -
Teste -
Teste -
Teste -
Teste -
Teste -
Teste -
Teste -
Teste -
Teste -
Teste -
Teste -
Teste -
Teste -
Teste -
Teste -
Teste -
Teste -
Teste -
Teste -
Teste -
Teste -
Teste -
Teste -
Teste -
Teste -
Teste -
Teste -
Teste -
Teste -
Teste -
Teste -
Teste -
Teste -
Teste -
Teste -
Teste -
Teste -
Teste -
Teste -
Teste -
Teste -
Teste -
Teste -
Teste -
Teste -
Teste -
Teste -
Teste -
Teste -
Teste -
Teste -
Teste -
Teste -
Teste -
Teste -
Teste -
Teste -
Teste -
Teste -
Teste -
Teste -
Teste -
Teste -
Teste -
Teste -
Teste -
Teste -
Teste -
Teste -
Teste -
Teste -
Teste -
Teste -
Teste -
Teste -
Teste -
Teste -
Teste -
Teste -
Teste -
Teste -
Teste -
Teste -
Teste -
Teste -
Teste -
Teste -
Teste -
Teste -
Teste -
Teste -
Teste -
Teste -
Teste -
Teste -
Teste -
Teste -
Teste -
Teste -
Teste -
Teste -
Teste -
Teste -
Teste -
Teste -
Teste -
Teste -
Teste -
Teste -
Teste -
Teste -
Teste -
Teste -
Teste -
Teste -
Teste -
Teste -
Teste -
Teste -
Teste -
Teste -
Teste -
Teste -
Teste -
Teste -
Teste -
Teste -
Teste -
Teste -
Teste -
Teste -
Teste -
Teste -
Teste -
Teste -
Teste -
Teste -
Teste -
Teste -
Teste -
Teste -
Teste -
Teste -
Teste -
Teste -
Teste -
Teste -
Teste -
Teste -
Teste -
Teste -
Teste -
Teste -
Teste -
Teste -
Teste -
Teste -
Teste -
Teste -
Teste -
Teste -
Teste -
Teste -
Teste -
Teste -
Teste -
Teste -
Teste -
Teste -
Teste -
Teste -
Teste -
Teste -
Teste -
Teste -
Teste -
Teste -
Teste -
Teste -
Teste -
Teste -
Teste -
Teste -
Teste -
Teste -
Teste -
Teste -
Teste -
Teste -
Teste -
Teste -
Teste -
Teste -
Teste -
Teste -
Teste -
Teste -
Teste -
Teste -
Teste -
Teste -
Teste -
Teste -
Teste -
Teste -
Teste -
Teste -
Teste -
Teste -
Teste -
Teste -
Teste -
Teste -
Teste -
Teste -
Teste -
Teste -
Teste -
Teste -
Teste -
Teste -
Teste -
Teste -
Teste -
Teste -
Teste -
Teste -
Teste -
Teste -
Teste -
Teste -
Teste -
Teste -
Teste -
Teste -
Teste -
Teste -
Teste -
Teste -
Teste -
Teste -
Teste -
Teste -
Teste -
Teste -
Teste -
Teste -
Teste -
Teste -
Teste -
Teste -
Teste -
Teste -
Teste -
Teste -
Teste -
Teste -
Teste -
Teste -
Teste -
Teste -
Teste -
Teste -
Teste -
Teste -
Teste -
Teste -
Teste -
Teste -
Teste -
Teste -
Teste -
Teste -
Teste -
Teste -
Teste -
Teste -
Teste -
Teste -
Teste -
Teste -
Teste -
Teste -
Teste -
Teste -
Teste -
Teste -
Teste -
Teste -
Teste -
Teste -
Teste -
Teste -
Teste -
Teste -
Teste -
Teste -
Teste -
Teste -
Teste -
Teste -
Teste -
Teste -
Teste -
Teste -
Teste -
Teste -
Teste -
Teste -
Teste -
Teste -
Teste -
Teste -
Teste -
Teste -
Teste -
Teste -
Teste -
Teste -
Teste -
Teste -
Teste -
Teste -
Teste -
Teste -
Teste -
Teste -
Teste -
Teste -
Teste -
Teste -
Teste -
Teste -
Teste -
Teste -
Teste -
Teste -
Teste -
Teste -
Teste -
Teste -
Teste -
Teste -
Teste -
Teste -
Teste -
Teste -
Teste -
Teste -
Teste -
Teste -
Teste -
Teste -
Teste -
Teste -
Teste -
Teste -
Teste -
Teste -
Teste -
Teste -
Teste -
Teste -
Teste -
Teste -
Teste -
Teste -
Teste -
Teste -
Teste -
Teste -
Teste -
Teste -
Teste -
Teste -
Teste -
Teste -
Teste -
Teste -
Teste -
Teste -
Teste -
Teste -
Teste -
Teste -
Teste -
Teste -
Teste -
Teste -
Teste -
Teste -
Teste -
Teste -
Teste -
Teste -
Teste -
Teste -
Teste -
Teste -
Teste -
Teste -
Teste -
Teste -
Teste -
Teste -
Teste -
Teste -
Teste -
Teste -
Teste -
Teste -
Teste -
Teste -
Teste -
Teste -
Teste -
Teste -
Teste -
Teste -
Teste -
Teste -
Teste -
Teste -
Teste -
Teste -
Teste -
Teste -
Teste -
Teste -
Teste -
Teste -
Teste -
Teste -
Teste -
Teste -
Teste -
Teste -
Teste -
Teste -
Teste -
Teste -
Teste -
Teste -
Teste -
Teste -
Teste -
Teste -
Teste -
Teste -
Teste -
Teste -
Teste -
Teste -
Teste -
Teste -
Teste -
Teste -
Teste -
Teste -
Teste -
Teste -
Teste -
Teste -
Teste -
Teste -
Teste -
Teste -
Teste -
Teste -
Teste -
Teste -
Teste -
Teste -
Teste -
Teste -
Teste -
Teste -
Teste -
Teste -
Teste -
Teste -
Teste -
Teste -
Teste -
Teste -
Teste -
Teste -
Teste -
Teste -
Teste -
Teste -
Teste -
Teste -
Teste -
Teste -
Teste -
Teste -
Teste -
Teste -
Teste -
Teste -
Teste -
Teste -
Teste -
Teste -
Teste -
Teste -
Teste -
Teste -
Teste -
Teste -
Teste -
Teste -
Teste -
Teste -
Teste -
Teste -
Teste -
Teste -
Teste -
Teste -
Teste -
Teste -
Teste -
Teste -
Teste -
Teste -
Teste -
Teste -
Teste -
Teste -
Teste -
Teste -
Teste -
Teste -
Teste -
Teste -
Teste -
Teste -
Teste -
Teste -
Teste -
Teste -
Teste -
Teste -
Teste -
Teste -
Teste -
Teste -
Teste -
Teste -
Teste -
Teste -
Teste -
Teste -
Teste -
Teste -
Teste -
Teste -
Teste -
Teste -
Teste -
Teste -
Teste -
Teste -
Teste -
Teste -
Teste -
Teste -
Teste -
Teste -
Teste -
Teste -
Teste -
Teste -
Teste -
Teste -
Teste -
Teste -
Teste -
Teste -
Teste -
Teste -
Teste -
Teste -
Teste -
Teste -
Teste -
Teste -
Teste -
Teste -
Teste -
Teste -
Teste -
Teste -
Teste -
Teste -
Teste -
Teste -
Teste -
Teste -
Teste -
Teste -
Teste -
Teste -
Teste -
Teste -
Teste -
Teste -
Teste -
Teste -
Teste -
Teste -
Teste -
Teste -
Teste -
Teste -
Teste -
Teste -
Teste -
Teste -
Teste -
Teste -
Teste -
Teste -
Teste -
Teste -
Teste -
Teste -
Teste -
Teste -
Teste -
Teste -
Teste -
Teste -
Teste -
Teste -
Teste -
Teste -
Teste -
Teste -
Teste -
Teste -
Teste -
Teste -
Teste -
Teste -
Teste -
Teste -
Teste -
Teste -
Teste -
Teste -
Teste -
Teste -
Teste -
Teste -
Teste -
Teste -
Teste -
Teste -
Teste -
Teste -
Teste -
Teste -
Teste -
Teste -
Teste -
Teste -
Teste -
Teste -
Teste -
Teste -
Teste -
Teste -
Teste -
Teste -
Teste -
Teste -
Teste -
Teste -
Teste -
Teste -
Teste -
Teste -
Teste -
Teste -
Teste -
Teste -
Teste -
Teste -
Teste -
Teste -
Teste -
Teste -
Teste -
Teste -
Teste -
Teste -
Teste -
Teste -
Teste -
Teste -
Teste -
Teste -
Teste -
Teste -
Teste -
Teste -
Teste -
Teste -
Teste -
Teste -
Teste -
Teste -
Teste -
Teste -
Teste -
Teste -
Teste -
Teste -
Teste -
Teste -
Teste -
Teste -
Teste -
Teste -
Teste -
Teste -
Teste -
Teste -
Teste -
Teste -
Teste -
Teste -
Teste -
Teste -
Teste -
Teste -
Teste -
Teste -
Teste -
Teste -
Teste -
Teste -
Teste -
Teste -
Teste -
Teste -
Teste -
Teste -
Teste -
Teste -
Teste -
Teste -
Teste -
Teste -
Teste -
Teste -
Teste -
Teste -
Teste -
Teste -
Teste -
Teste -
Teste -
Teste -
Teste -
Teste -
Teste -
Teste -
Teste -
Teste -
Teste -
Teste -
Teste -
Teste -
Teste -
Teste -
Teste -
Teste -
Teste -
Teste -
Teste -
Teste -
Teste -
Teste -
Teste -
Teste -
Teste -
Teste -
Teste -
Teste -
Teste -
Teste -
Teste -
Teste -
Teste -
Teste -
Teste -
Teste -
Teste -
Teste -
Teste -
Teste -
Teste -
Teste -
Teste -
Teste -
Teste -
Teste -
Teste -
Teste -
Teste -
Teste -
Teste -
Teste -
Teste -
Teste -
Teste -
Teste -
Teste -
Teste -
Teste -
Teste -
Teste -
Teste -
Teste -
Teste -
Teste -
Teste -
Teste -
Teste -
Teste -
Teste -
Teste -
Teste -
Teste -
Teste -
Teste -
Teste -
Teste -
Teste -
Teste -
Teste -
Teste -
Teste -
Teste -
Teste -
Teste -
Teste -
Teste -
Teste -
Teste -
Teste -
Teste -
Teste -
Teste -
Teste -
Teste -
Teste -
Teste -
Teste -
Teste -
Teste -
Teste -
Teste -
Teste -
Teste -
Teste -
Teste -
Teste -
Teste -
Teste -
Teste -
Teste -
Teste -
Teste -
Teste -
Teste -
Teste -
Teste -
Teste -
Teste -
Teste -
Teste -
Teste -
Teste -
Teste -
Teste -
Teste -
Teste -
Teste -
Teste -
Teste -
Teste -
Teste -
Teste -
Teste -
Teste -
Teste -
Teste -
Teste -
Teste -
Teste -
Teste -
Teste -
Teste -
Teste -
Teste -
Teste -
Teste -
Teste -
Teste -
Teste -
Teste -
Teste -
Teste -
Teste -
Teste -
Teste -
Teste -
Teste -
Teste -
Teste -
Teste -
Teste -
Teste -
Teste -
Teste -
Teste -
Teste -
Teste -
Teste -
Teste -
Teste -
Teste -
Teste -
Teste -
Teste -
Teste -
Teste -
Teste -
Teste -
Teste -
Teste -
Teste -
Teste -
Teste -
Teste -
Teste -
Teste -
Teste -
Teste -
Teste -
Teste -
Teste -
Teste -
Teste -
Teste -
Teste -
Teste -
Teste -
Teste -
Teste -
Teste -
Teste -
Teste -
Teste -
Teste -
Teste -
Teste -
Teste -
Teste -
Teste -
Teste -
Teste -
Teste -
Teste -
Teste -
Teste -
Teste -
Teste -
Teste -
Teste -
Teste -
Teste -
Teste -
Teste -
Teste -
Teste -
Teste -
Teste -
Teste -
Teste -
Teste -
Teste -
Teste -
Teste -
Teste -
Teste -
Teste -
Teste -
Teste -
Teste -
Teste -
Teste -
Teste -
Teste -
Teste -
Teste -
Teste -
Teste -
Teste -
Teste -
Teste -
Teste -
Teste -
Teste -
Teste -
Teste -
Teste -
Teste -
Teste -
Teste -
Teste -
Teste -
Teste -
Teste -
Teste -
Teste -
Teste -
Teste -
Teste -
Teste -
Teste -
Teste -
Teste -
Teste -
Teste -
Teste -
Teste -
Teste -
Teste -
Teste -
Teste -
Teste -
Teste -
Teste -
Teste -
Teste -
Teste -
Teste -
Teste -
Teste -
Teste -
Teste -
Teste -
Teste -
Teste -
Teste -
Teste -
Teste -
Teste -
Teste -
Teste -
Teste -
Teste -
Teste -
Teste -
Teste -
Teste -
Teste -
Teste -
Teste -
Teste -
Teste -
Teste -
Teste -
Teste -
Teste -
Teste -
Teste -
Teste -
Teste -
Teste -
Teste -
Teste -
Teste -
Teste -
Teste -
Teste -
Teste -
Teste -
Teste -
Teste -
Teste -
Teste -
Teste -
Teste -
Teste -
Teste -
Teste -
Teste -
Teste -
Teste -
Teste -
Teste -
Teste -
Teste -
Teste -
Teste -
Teste -
Teste -
Teste -
Teste -
Teste -
Teste -
Teste -
Teste -
Teste -
Teste -
Teste -
Teste -
Teste -
Teste -
Teste -
Teste -
Teste -
Teste -
Teste -
Teste -
Teste -
Teste -
Teste -
Teste -
Teste -
Teste -
Teste -
Teste -
Teste -
Teste -
Teste -
Teste -
Teste -
Teste -
Teste -
Teste -
Teste -
Teste -
Teste -
Teste -
Teste -
Teste -
Teste -
Teste -
Teste -
Teste -
Teste -
Teste -
Teste -
Teste -
Teste -
Teste -
Teste -
Teste -
Teste -
Teste -
Teste -
Teste -
Teste -
Teste -
Teste -
Teste -
Teste -
Teste -
Teste -
Teste -
Teste -
Teste -
Teste -
Teste -
Teste -
Teste -
Teste -
Teste -
Teste -
Teste -
Teste -
Teste -
Teste -
Teste -
Teste -
Teste -
Teste -
Teste -
Teste -
Teste -
Teste -
Teste -
Teste -
Teste -
Teste -
Teste -
Teste -
Teste -
Teste -
Teste -
Teste -
Teste -
Teste -
Teste -
Teste -
Teste -
Teste -
Teste -
Teste -
Teste -
Teste -
Teste -
Teste -
Teste -
Teste -
Teste -
Teste -
Teste -
Teste -
Teste -
Teste -
Teste -
Teste -
Teste -
Teste -
Teste -
Teste -
Teste -
Teste -
Teste -
Teste -
Teste -
Teste -
Teste -
Teste -
Teste -
Teste -
Teste -
Teste -
Teste -
Teste -
Teste -
Teste -
Teste -
Teste -
Teste -
Teste -
Teste -
Teste -
Teste -
Teste -
Teste -
Teste -
Teste -
Teste -
Teste -
Teste -
Teste -
Teste -
Teste -
Teste -
Teste -
Teste -
Teste -
Teste -
Teste -
Teste -
Teste -
Teste -
Teste -
Teste -
Teste -
Teste -
Teste -
Teste -
Teste -
Teste -
Teste -
Teste -
Teste -
Teste -
Teste -
Teste -
Teste -
Teste -
Teste -
Teste -
Teste -
Teste -
Teste -
Teste -
Teste -
Teste -
Teste -
Teste -
Teste -
Teste -
Teste -
Teste -
Teste -
Teste -
Teste -
Teste -
Teste -
Teste -
Teste -
Teste -
Teste -
Teste -
Teste -
Teste -
Teste -
Teste -
Teste -
Teste -
Teste -
Teste -
Teste -
Teste -
Teste -
Teste -
Teste -
Teste -
Teste -
Teste -
Teste -
Teste -
Teste -
Teste -
Teste -
Teste -
Teste -
Teste -
Teste -
Teste -
Teste -
Teste -
Teste -
Teste -
Teste -
Teste -
Teste -
Teste -
Teste -
Teste -
Teste -
Teste -
Teste -
Teste -
Teste -
Teste -
Teste -
Teste -
Teste -
Teste -
Teste -
Teste -
Teste -
Teste -
Teste -
Teste -
Teste -
Teste -
Teste -
Teste -
Teste -
Teste -
Teste -
Teste -
Teste -
Teste -
Teste -
Teste -
Teste -
Teste -
Teste -
Teste -
Teste -
Teste -
Teste -
Teste -
Teste -
Teste -
Teste -
Teste -
Teste -
Teste -
Teste -
Teste -
Teste -
Teste -
Teste -
Teste -
Teste -
Teste -
Teste -
Teste -
Teste -
Teste -
Teste -
Teste -
Teste -
Teste -
Teste -
Teste -
Teste -
Teste -
Teste -
Teste -
Teste -
Teste -
Teste -
Teste -
Teste -
Teste -
Teste -
Teste -
Teste -
Teste -
Teste -
Teste -
Teste -
Teste -
Teste -
Teste -
Teste -
Teste -
Teste -
Teste -
Teste -
Teste -
Teste -
Teste -
Teste -
Teste -
Teste -
Teste -
Teste -
Teste -
Teste -
Teste -
Teste -
Teste -
Teste -
Teste -
Teste -
Teste -
Teste -
Teste -
Teste -
Teste -
Teste -
Teste -
Teste -
Teste -
Teste -
Teste -
Teste -
Teste -
Teste -
Teste -
Teste -
Teste -
Teste -
Teste -
Teste -
Teste -
Teste -
Teste -
Teste -
Teste -
Teste -
Teste -
Teste -
Teste -
Teste -
Teste -
Teste -
Teste -
Teste -
Teste -
Teste -
Teste -
Teste -
Teste -
Teste -
Teste -
Teste -
Teste -
Teste -
Teste -
Teste -
Teste -
Teste -
Teste -
Teste -
Teste -
Teste -
Teste -
Teste -
Teste -
Teste -
Teste -
Teste -
Teste -
Teste -
Teste -
Teste -
Teste -
Teste -
Teste -
Teste -
Teste -
Teste -
Teste -
Teste -
Teste -
Teste -
Teste -
Teste -
Teste -
Teste -
Teste -
Teste -
Teste -
Teste -
Teste -
Teste -
Teste -
Teste -
Teste -
Teste -
Teste -
Teste -
Teste -
Teste -
Teste -
Teste -
Teste -
Teste -
Teste -
Teste -
Teste -
Teste -
Teste -
Teste -
Teste -
Teste -
Teste -
Teste -
Teste -
Teste -
Teste -
Teste -
Teste -
Teste -
Teste -
Teste -
Teste -
Teste -
Teste -
Teste -
Teste -
Teste -
Teste -
Teste -
Teste -
Teste -
Teste -
Teste -
Teste -
Teste -
Teste -
Teste -
Teste -
Teste -
Teste -
Teste -
Teste -
Teste -
Teste -
Teste -
Teste -
Teste -
Teste -
Teste -
Teste -
Teste -
Teste -
Teste -
Teste -
Teste -
Teste -
Teste -
Teste -
Teste -
Teste -
Teste -
Teste -
Teste -
Teste -
Teste -
Teste -
Teste -
Teste -
Teste -
Teste -
Teste -
Teste -
Teste -
Teste -
Teste -
Teste -
Teste -
Teste -
Teste -
Teste -
Teste -
Teste -
Teste -
Teste -
Teste -
Teste -
Teste -
Teste -
Teste -
Teste -
Teste -
Teste -
Teste -
Teste -
Teste -
Teste -
Teste -
Teste -
Teste -
Teste -
Teste -
Teste -
Teste -
Teste -
Teste -
Teste -
Teste -
Teste -
Teste -
Teste -
Teste -
Teste -
Teste -
Teste -
Teste -
Teste -
Teste -
Teste -
Teste -
Teste -
Teste -
Teste -
Teste -
Teste -
Teste -
Teste -
Teste -
Teste -
Teste -
Teste -
Teste -
Teste -
Teste -
Teste -
Teste -
Teste -
Teste -
Teste -
Teste -
Teste -
Teste -
Teste -
Teste -
Teste -
Teste -
Teste -
Teste -
Teste -
Teste -
Teste -
Teste -
Teste -
Teste -
Teste -
Teste -
Teste -
Teste -
Teste -
Teste -
Teste -
Teste -
Teste -
Teste -
Teste -
Teste -
Teste -
Teste -
Teste -
Teste -
Teste -
Teste -
Teste -
Teste -
Teste -
Teste -
Teste -
Teste -
Teste -
Teste -
Teste -
Teste -
Teste -
Teste -
Teste -
Teste -
Teste -
Teste -
Teste -
Teste -
Teste -
Teste -
Teste -
Teste -
Teste -
Teste -
Teste -
Teste -
Teste -
Teste -
Teste -
Teste -
Teste -
Teste -
Teste -
Teste -
Teste -
Teste -
Teste -
Teste -
Teste -
Teste -
Teste -
Teste -
Teste -
Teste -
Teste -
Teste -
Teste -
Teste -
Teste -
Teste -
Teste -
Teste -
Teste -
Teste -
Teste -
Teste -
Teste -
Teste -
Teste -
Teste -
Teste -
Teste -
Teste -
Teste -
Teste -
Teste -
Teste -
Teste -
Teste -
Teste -
Teste -
Teste -
Teste -
Teste -
Teste -
Teste -
Teste -
Teste -
Teste -
Teste -
Teste -
Teste -
Teste -
Teste -
Teste -
Teste -
Teste -
Teste -
Teste -
Teste -
Teste -
Teste -
Teste -
Teste -
Teste -
Teste -
Teste -
Teste -
Teste -
Teste -
Teste -
Teste -
Teste -
Teste -
Teste -
Teste -
Teste -
Teste -
Teste -
Teste -
Teste -
Teste -
Teste -
Teste -
Teste -
Teste -
Teste -
Teste -
Teste -
Teste -
Teste -
Teste -
Teste -
Teste -
Teste -
Teste -
Teste -
Teste -
Teste -
Teste -
Teste -
Teste -
Teste -
Teste -
Teste -
Teste -
Teste -
Teste -
Teste -
Teste -
Teste -
Teste -
Teste -
Teste -
Teste -
Teste -
Teste -
Teste -
Teste -
Teste -
Teste -
Teste -
Teste -
Teste -
Teste -
Teste -
Teste -
Teste -
Teste -
Teste -
Teste -
Teste -
Teste -
Teste -
Teste -
Teste -
Teste -
Teste -
Teste -
Teste -
Teste -
Teste -
Teste -
Teste -
Teste -
Teste -
Teste -
Teste -
Teste -
Teste -
Teste -
Teste -
Teste -
Teste -
Teste -
Teste -
Teste -
Teste -
Teste -
Teste -
Teste -
Teste -
Teste -
Teste -
Teste -
Teste -
Teste -
Teste -
Teste -
Teste -
Teste -
Teste -
Teste -
Teste -
Teste -
Teste -
Teste -
Teste -
Teste -
Teste -
Teste -
Teste -
Teste -
Teste -
Teste -
Teste -
Teste -
Teste -
Teste -
Teste -
Teste -
Teste -
Teste -
Teste -
Teste -
Teste -
Teste -
Teste -
Teste -
Teste -
Teste -
Teste -
Teste -
Teste -
Teste -
Teste -
Teste -
Teste -
Teste -
Teste -
Teste -
Teste -
Teste -
Teste -
Teste -
Teste -
Teste -
Teste -
Teste -
Teste -
Teste -
Teste -
Teste -
Teste -
Teste -
Teste -
Teste -
Teste -
Teste -
Teste -
Teste -
Teste -
Teste -
Teste -
Teste -
Teste -
Teste -
Teste -
Teste -
Teste -
Teste -
Teste -
Teste -
Teste -
Teste -
Teste -
Teste -
Teste -
Teste -
Teste -
Teste -
Teste -
Teste -
Teste -
Teste -
Teste -
Teste -
Teste -
Teste -
Teste -
Teste -
Teste -
Teste -
Teste -
Teste -
Teste -
Teste -
Teste -
Teste -
Teste -
Teste -
Teste -
Teste -
Teste -
Teste -
Teste -
Teste -
Teste -
Teste -
Teste -
Teste -
Teste -
Teste -
Teste -
Teste -
Teste -
Teste -
Teste -
Teste -
Teste -
Teste -
Teste -
Teste -
Teste -
Teste -
Teste -
Teste -
Teste -
Teste -
Teste -
Teste -
Teste -
Teste -
Teste -
Teste -
Teste -
Teste -
Teste -
Teste -
Teste -
Teste -
Teste -
Teste -
Teste -
Teste -
Teste -
Teste -
Teste -
Teste -
Teste -
Teste -
Teste -
Teste -
Teste -
Teste -
Teste -
Teste -
Teste -
Teste -
Teste -
Teste -
Teste -
Teste -
Teste -
Teste -
Teste -
Teste -
Teste -
Teste -
Teste -
Teste -
Teste -
Teste -
Teste -
Teste -
Teste -
Teste -
Teste -
Teste -
Teste -
Teste -
Teste -
Teste -
Teste -
Teste -
Teste -
Teste -
Teste -
Teste -
Teste -
Teste -
Teste -
Teste -
Teste -
Teste -
Teste -
Teste -
Teste -
Teste -
Teste -
Teste -
Teste -
Teste -
Teste -
Teste -
Teste -
Teste -
Teste -
Teste -
Teste -
Teste -
Teste -
Teste -
Teste -
Teste -
Teste -
Teste -
Teste -
Teste -
Teste -
Teste -
Teste -
Teste -
Teste -
Teste -
Teste -
Teste -
Teste -
Teste -
Teste -
Teste -
Teste -
Teste -
Teste -
Teste -
Teste -
Teste -
Teste -
Teste -
Teste -
Teste -
Teste -
Teste -
Teste -
Teste -
Teste -
Teste -
Teste -
Teste -
Teste -
Teste -
Teste -
Teste -
Teste -
Teste -
Teste -
Teste -
Teste -
Teste -
Teste -
Teste -
Teste -
Teste -
Teste -
Teste -
Teste -
Teste -
Teste -
Teste -
Teste -
Teste -
Teste -
Teste -
Teste -
Teste -
Teste -
Teste -
Teste -
Teste -
Teste -
Teste -
Teste -
Teste -
Teste -
Teste -
Teste -
Teste -
Teste -
Teste -
Teste -
Teste -
Teste -
Teste -
Teste -
Teste -
Teste -
Teste -
Teste -
Teste -
Teste -
Teste -
Teste -
Teste -
Teste -
Teste -
Teste -
Teste -
Teste -
Teste -
Teste -
Teste -
Teste -
Teste -
Teste -
Teste -
Teste -
Teste -
Teste -
Teste -
Teste -
Teste -
Teste -
Teste -
Teste -
Teste -
Teste -
Teste -
Teste -
Teste -
Teste -
Teste -
Teste -
Teste -
Teste -
Teste -
Teste -
Teste -
Teste -
Teste -
Teste -
Teste -
Teste -
Teste -
Teste -
Teste -
Teste -
Teste -
Teste -
Teste -
Teste -
Teste -
Teste -
Teste -
Teste -
Teste -
Teste -
Teste -
Teste -
Teste -
Teste -
Teste -
Teste -
Teste -
Teste -
Teste -
Teste -
Teste -
Teste -
Teste -
Teste -
Teste -
Teste -
Teste -
Teste -
Teste -
Teste -
Teste -
Teste -
Teste -
Teste -
Teste -
Teste -
Teste -
Teste -
Teste -
Teste -
Teste -
Teste -
Teste -
Teste -
Teste -
Teste -
Teste -
Teste -
Teste -
Teste -
Teste -
Teste -
Teste -
Teste -
Teste -
Teste -
Teste -
Teste -
Teste -
Teste -
Teste -
Teste -
Teste -
Teste -
Teste -
Teste -
Teste -
Teste -
Teste -
Teste -
Teste -
Teste -
Teste -
Teste -
Teste -
Teste -
Teste -
Teste -
Teste -
Teste -
Teste -
Teste -
Teste -
Teste -
Teste -
Teste -
Teste -
Teste -
Teste -
Teste -
Teste -
Teste -
Teste -
Teste -
Teste -
Teste -
Teste -
Teste -
Teste -
Teste -
Teste -
Teste -
Teste -
Teste -
Teste -
Teste -
Teste -
Teste -
Teste -
Teste -
Teste -
Teste -
Teste -
Teste -
Teste -
Teste -
Teste -
Teste -
Teste -
Teste -
Teste -
Teste -
Teste -
Teste -
Teste -
Teste -
Teste -
Teste -
Teste -
Teste -
Teste -
Teste -
Teste -
Teste -
Teste -
Teste -
Teste -
Teste -
Teste -
Teste -
Teste -
Teste -
Teste -
Teste -
Teste -
Teste -
Teste -
Teste -
Teste -
Teste -
Teste -
Teste -
Teste -
Teste -
Teste -
Teste -
Teste -
Teste -
Teste -
Teste -
Teste -
Teste -
Teste -
Teste -
Teste -
Teste -
Teste -
Teste -
Teste -
Teste -
Teste -
Teste -
Teste -
Teste -
Teste -
Teste -
Teste -
Teste -
Teste -
Teste -
Teste -
Teste -
Teste -
Teste -
Teste -
Teste -
Teste -
Teste -
Teste -
Teste -
Teste -
Teste -
Teste -
Teste -
Teste -
Teste -
Teste -
Teste -
Teste -
Teste -
Teste -
Teste -
Teste -
Teste -
Teste -
Teste -
Teste -
Teste -
Teste -
Teste -
Teste -
Teste -
Teste -
Teste -
Teste -
Teste -
Teste -
Teste -
Teste -
Teste -
Teste -
Teste -
Teste -
Teste -
Teste -
Teste -
Teste -
Teste -
Teste -
Teste -
Teste -
Teste -
Teste -
Teste -
Teste -
Teste -
Teste -
Teste -
Teste -
Teste -
Teste -
Teste -
Teste -
Teste -
Teste -
Teste -
Teste -
Teste -
Teste -
Teste -
Teste -
Teste -
Teste -
Teste -
Teste -
Teste -
Teste -
Teste -
Teste -
Teste -
Teste -
Teste -
Teste -
Teste -
Teste -
Teste -
Teste -
Teste -
Teste -
Teste -
Teste -
Teste -
Teste -
Teste -
Teste -
Teste -
Teste -
Teste -
Teste -
Teste -
Teste -
Teste -
Teste -
Teste -
Teste -
Teste -
Teste -
Teste -
Teste -
Teste -
Teste -
Teste -
Teste -
Teste -
Teste -
Teste -
Teste -
Teste -
Teste -
Teste -
Teste -
Teste -
Teste -
Teste -
Teste -
Teste -
Teste -
Teste -
Teste -
Teste -
Teste -
Teste -
Teste -
Teste -
Teste -
Teste -
Teste -
Teste -
Teste -
Teste -
Teste -
Teste -
Teste -
Teste -
Teste -
Teste -
Teste -
Teste -
Teste -
Teste -
Teste -
Teste -
Teste -
Teste -
Teste -
Teste -
Teste -
Teste -
Teste -
Teste -
Teste -
Teste -
Teste -
Teste -
Teste -
Teste -
Teste -
Teste -
Teste -
Teste -
Teste -
Teste -
Teste -
Teste -
Teste -
Teste -
Teste -
Teste -
Teste -
Teste -
Teste -
Teste -
Teste -
Teste -
Teste -
Teste -
Teste -
Teste -
Teste -
Teste -
Teste -
Teste -
Teste -
Teste -
Teste -
Teste -
Teste -
Teste -
Teste -
Teste -
Teste -
Teste -
Teste -
Teste -
Teste -
Teste -
Teste -
Teste -
Teste -
Teste -
Teste -
Teste -
Teste -
Teste -
Teste -
Teste -
Teste -
Teste -
Teste -
Teste -
Teste -
Teste -
Teste -
Teste -
Teste -
Teste -
Teste -
Teste -
Teste -
Teste -
Teste -
Teste -
Teste -
Teste -
Teste -
Teste -
Teste -
Teste -
Teste -
Teste -
Teste -
Teste -
Teste -
Teste -
Teste -
Teste -
Teste -
Teste -
Teste -
Teste -
Teste -
Teste -
Teste -
Teste -
Teste -
Teste -
Teste -
Teste -
Teste -
Teste -
Teste -
Teste -
Teste -
Teste -
Teste -
Teste -
Teste -
Teste -
Teste -
Teste -
Teste -
Teste -
Teste -
Teste -
Teste -
Teste -
Teste -
Teste -
Teste -
Teste -
Teste -
Teste -
Teste -
Teste -
Teste -
Teste -
Teste -
Teste -
Teste -
Teste -
Teste -
Teste -
Teste -
Teste -
Teste -
Teste -
Teste -
Teste -
Teste -
Teste -
Teste -
Teste -
Teste -
Teste -
Teste -
Teste -
Teste -
Teste -
Teste -
Teste -
Teste -
Teste -
Teste -
Teste -
Teste -
Teste -
Teste -
Teste -
Teste -
Teste -
Teste -
Teste -
Teste -
Teste -
Teste -
Teste -
Teste -
Teste -
Teste -
Teste -
Teste -
Teste -
Teste -
Teste -
Teste -
Teste -
Teste -
Teste -
Teste -
Teste -
Teste -
Teste -
Teste -
Teste -
Teste -
Teste -
Teste -
Teste -
Teste -
Teste -
Teste -
Teste -
Teste -
Teste -
Teste -
Teste -
Teste -
Teste -
Teste -
Teste -
Teste -
Teste -
Teste -
Teste -
Teste -
Teste -
Teste -
Teste -
Teste -
Teste -
Teste -
Teste -
Teste -
Teste -
Teste -
Teste -
Teste -
Teste -
Teste -
Teste -
Teste -
Teste -
Teste -
Teste -
Teste -
Teste -
Teste -
Teste -
Teste -
Teste -
Teste -
Teste -
Teste -
Teste -
Teste -
Teste -
Teste -
Teste -
Teste -
Teste -
Teste -
Teste -
Teste -
Teste -
Teste -
Teste -
Teste -
Teste -
Teste -
Teste -
Teste -
Teste -
Teste -
Teste -
Teste -
Teste -
Teste -
Teste -
Teste -
Teste -
Teste -
Teste -
Teste -
Teste -
Teste -
Teste -
Teste -
Teste -
Teste -
Teste -
Teste -
Teste -
Teste -
Teste -
Teste -
Teste -
Teste -
Teste -
Teste -
Teste -
Teste -
Teste -
Teste -
Teste -
Teste -
Teste -
Teste -
Teste -
Teste -
Teste -
Teste -
Teste -
Teste -
Teste -
Teste -
Teste -
Teste -
Teste -
Teste -
Teste -
Teste -
Teste -
Teste -
Teste -
Teste -
Teste -
Teste -
Teste -
Teste -
Teste -
Teste -
Teste -
Teste -
Teste -
Teste -
Teste -
Teste -
Teste -
Teste -
Teste -
Teste -
Teste -
Teste -
Teste -
Teste -
Teste -
Teste -
Teste -
Teste -
Teste -
Teste -
Teste -
Teste -
Teste -
Teste -
Teste -
Teste -
Teste -
Teste -
Teste -
Teste -
Teste -
Teste -
Teste -
Teste -
Teste -
Teste -
Teste -
Teste -
Teste -
Teste -
Teste -
Teste -
Teste -
Teste -
Teste -
Teste -
Teste -
Teste -
Teste -
Teste -
Teste -
Teste -
Teste -
Teste -
Teste -
Teste -
Teste -
Teste -
Teste -
Teste -
Teste -
Teste -
Teste -
Teste -
Teste -
Teste -
Teste -
Teste -
Teste -
Teste -
Teste -
Teste -
Teste -
Teste -
Teste -
Teste -
Teste -
Teste -
Teste -
Teste -
Teste -
Teste -
Teste -
Teste -
Teste -
Teste -
Teste -
Teste -
Teste -
Teste -
Teste -
Teste -
Teste -
Teste -
Teste -
Teste -
Teste -
Teste -
Teste -
Teste -
Teste -
Teste -
Teste -
Teste -
Teste -
Teste -
Teste -
Teste -
Teste -
Teste -
Teste -
Teste -
Teste -
Teste -
Teste -
Teste -
Teste -
Teste -
Teste -
Teste -
Teste -
Teste -
Teste -
Teste -
Teste -
Teste -
Teste -
Teste -
Teste -
Teste -
Teste -
Teste -
Teste -
Teste -
Teste -
Teste -
Teste -
Teste -
Teste -
Teste -
Teste -
Teste 0
Teste 1
Teste 0
Teste 1
Teste 2
Teste 3
Teste 4
Teste 5
Teste 6
Teste 7
Teste 8
Teste 9
Teste 10
Teste 11
Teste 12
Teste 13
Teste 14
Teste 15
Teste 16
Teste 17
Teste 18
Teste 19
Teste 20
Teste 21
Teste 22
Teste 23
Teste 24
Teste 25
Teste 26
Teste 27
Teste 28
Teste 29
Teste 30
Teste 31
Teste 32
Teste 33
Teste 34
Teste 35
Teste 36
Teste 37
Teste 38
Teste 39
Teste 40
Teste 41
Teste 42
Teste 43
Teste 44
Teste 45
Teste 46
Teste 47
Teste 48
Teste 49
Teste 50
Teste 51
Teste 52
Teste 53
Teste 54
Teste 55
Teste 56
Teste 57
Teste 58
Teste 59
Teste 60
Teste 61
Teste 62
Teste 63
Teste 64
Teste 65
Teste 66
Teste 67
Teste 68
Teste 69
Teste 70
Teste 71
Teste 72
Teste 73
Teste 74
Teste 75
Teste 76
Teste 77
Teste 78
Teste 79
Teste 80
Teste 81
Teste 82
Teste 83
Teste 84
Teste 85
Teste 86
Teste 87
Teste 88
Teste 89
Teste 90
Teste 91
Teste 92
Teste 93
Teste 94
Teste 95
Teste 96
Teste 97
Teste 98
Teste 99
Teste 100
Teste 101
Teste 102
Teste 103
Teste 104
Teste 105
Teste 106
Teste 107
Teste 108
Teste 109
Teste 110
Teste 111
Teste 112
Teste 113
Teste 114
Teste 115
Teste 116
Teste 117
Teste 118
Teste 119
Teste 120
Teste 121
Teste 122
Teste 123
Teste 124
Teste 125
Teste 126
Teste 127
Teste 128
Teste 129
Teste 130
Teste 131
Teste 132
Teste 133
Teste 134
Teste 135
Teste 136
Teste 137
Teste 138
Teste 139
Teste 140
Teste 141
Teste 142
Teste 143
Teste 144
Teste 145
Teste 146
Teste 147
Teste 148
Teste 149
Teste 150
Teste 151
Teste 152
Teste 153
Teste 154
Teste 155
Teste 156
Teste 157
Teste 158
Teste 159
Teste 160
Teste 161
Teste 162
Teste 163
Teste 164
Teste 165
Teste 166
Teste 167
Teste 168
Teste 169
Teste 170
Teste 171
Teste 172
Teste 173
Teste 174
Teste 175
Teste 176
Teste 177
Teste 178
Teste 179
Teste 180
Teste 181
Teste 182
Teste 183
Teste 184
Teste 185
Teste 186
Teste 187
Teste 188
Teste 189
Teste 190
Teste 191
Teste 192
Teste 193
Teste 194
Teste 195
Teste 196
Teste 197
Teste 198
Teste 199
Teste 200
Teste 201
Teste 202
Teste 203
Teste 204
Teste 205
Teste 206
Teste 207
Teste 208
Teste 209
Teste 210
Teste 211
Teste 212
Teste 213
Teste 214
Teste 215
Teste 216
Teste 217
Teste 218
Teste 219
Teste 220
Teste 221
Teste 222
Teste 223
Teste 224
Teste 225
Teste 226
Teste 227
Teste 228
Teste 229
Teste 230
Teste 231
Teste 232
Teste 233
Teste 234
Teste 235
Teste 236
Teste 237
Teste 238
Teste 239
Teste 240
Teste 241
Teste 242
Teste 243
Teste 244
Teste 245
Teste 246
Teste 247
Teste 248
Teste 249
Teste 250
Teste 251
Teste 252
Teste 253
Teste 254
Teste 255
Teste 256
Teste 257
Teste 258
Teste 259
Teste 260
Teste 261
Teste 262
Teste 263
Teste 264
Teste 265
Teste 266
Teste 267
Teste 268
Teste 269
Teste 270
Teste 271
Teste 272
Teste 273
Teste 274
Teste 275
Teste 276
Teste 277
Teste 278
Teste 279
Teste 280
Teste 281
Teste 282
Teste 283
Teste 284
Teste 285
Teste 286
Teste 287
Teste 288
Teste 289
Teste 290
Teste 291
Teste 292
Teste 293
Teste 294
Teste 295
Teste 296
Teste 297
Teste 298
Teste 299
Teste 300
Teste 301
Teste 302
Teste 303
Teste 304
Teste 305
Teste 306
Teste 307
Teste 308
Teste 309
Teste 310
Teste 311
Teste 312
Teste 313
Teste 314
Teste 315
Teste 316
Teste 317
Teste 318
Teste 319
Teste 320
Teste 321
Teste 322
Teste 323
Teste 324
Teste 325
Teste 326
Teste 327
Teste 328
Teste 329
Teste 330
Teste 331
Teste 332
Teste 333
Teste 334
Teste 335
Teste 336
Teste 337
Teste 338
Teste 339
Teste 340
Teste 341
Teste 342
Teste 343
Teste 344
Teste 345
Teste 346
Teste 347
Teste 348
Teste 349
Teste 350
Teste 351
Teste 352
Teste 353
Teste 354
Teste 355
Teste 356
Teste 357
Teste 358
Teste 359
Teste 360
Teste 361
Teste 362
Teste 363
Teste 364
Teste 365
Teste 366
Teste 367
Teste 368
Teste 369
Teste 370
Teste 371
Teste 372
Teste 373
Teste 374
Teste 375
Teste 376
Teste 377
Teste 378
Teste 379
Teste 380
Teste 381
Teste 382
Teste 383
Teste 384
Teste 385
Teste 386
Teste 387
Teste 388
Teste 389
Teste 390
Teste 391
Teste 392
Teste 393
Teste 394
Teste 395
Teste 396
Teste 397
Teste 398
Teste 399
Teste 400
Teste 401
Teste 402
Teste 403
Teste 404
Teste 405
Teste 406
Teste 407
Teste 408
Teste 409
Teste 410
Teste 411
Teste 412
Teste 413
Teste 414
Teste 415
Teste 416
Teste 417
Teste 418
Teste 419
Teste 420
Teste 421
Teste 422
Teste 423
Teste 424
Teste 425
Teste 426
Teste 427
Teste 428
Teste 429
Teste 430
Teste 431
Teste 432
Teste 433
Teste 434
Teste 435
Teste 436
Teste 437
Teste 438
Teste 439
Teste 440
Teste 441
Teste 442
Teste 443
Teste 444
Teste 445
Teste 446
Teste 447
Teste 448
Teste 449
Teste 450
Teste 451
Teste 452
Teste 453
Teste 454
Teste 455
Teste 456
Teste 457
Teste 458
Teste 459
Teste 460
Teste 461
Teste 462
Teste 463
Teste 464
Teste 465
Teste 466
Teste 467
Teste 468
Teste 469
Teste 470
Teste 471
Teste 472
Teste 473
Teste 474
Teste 475
Teste 476
Teste 477
Teste 478
Teste 479
Teste 480
Teste 481
Teste 482
Teste 483
Teste 484
Teste 485
Teste 486
Teste 487
Teste 488
Teste 489
Teste 490
Teste 491
Teste 492
Teste 493
Teste 494
Teste 495
Teste 496
Teste 497
Teste 498
Teste 499
Teste 500
Teste 501
Teste 502
Teste 503
Teste 504
Teste 505
Teste 506
Teste 507
Teste 508
Teste 509
Teste 510
Teste 511
Teste 512
Teste 513
Teste 514
Teste 515
Teste 516
Teste 517
Teste 518
Teste 519
Teste 520
Teste 521
Teste 522
Teste 523
Teste 524
Teste 525
Teste 526
Teste 527
Teste 528
Teste 529
Teste 530
Teste 531
Teste 532
Teste 533
Teste 534
Teste 535
Teste 536
Teste 537
Teste 538
Teste 539
Teste 540
Teste 541
Teste 542
Teste 543
Teste 544
Teste 545
Teste 546
Teste 547
Teste 548
Teste 549
Teste 550
Teste 551
Teste 552
Teste 553
Teste 554
Teste 555
Teste 556
Teste 557
Teste 558
Teste 559
Teste 560
Teste 561
Teste 562
Teste 563
Teste 564
Teste 565
Teste 566
Teste 567
Teste 568
Teste 569
Teste 570
Teste 571
Teste 572
Teste 573
Teste 574
Teste 575
Teste 576
Teste 577
Teste 578
Teste 579
Teste 580
Teste 581
Teste 582
Teste 583
Teste 584
Teste 585
Teste 586
Teste 587
Teste 588
Teste 589
Teste 590
Teste 591
Teste 592
Teste 593
Teste 594
Teste 595
Teste 596
Teste 597
Teste 598
Teste 599
Teste 600
Teste 601
Teste 602
Teste 603
Teste 604
Teste 605
Teste 606
Teste 607
Teste 608
Teste 609
Teste 610
Teste 611
Teste 612
Teste 613
Teste 614
Teste 615
Teste 616
Teste 617
Teste 618
Teste 619
Teste 620
Teste 621
Teste 622
Teste 623
Teste 624
Teste 625
Teste 626
Teste 627
Teste 628
Teste 629
Teste 630
Teste 631
Teste 632
Teste 633
Teste 634
Teste 635
Teste 636
Teste 637
Teste 638
Teste 639
Teste 640
Teste 641
Teste 642
Teste 643
Teste 644
Teste 645
Teste 646
Teste 647
Teste 648
Teste 649
Teste 650
Teste 651
Teste 652
Teste 653
Teste 654
Teste 655
Teste 656
Teste 657
Teste 658
Teste 659
Teste 660
Teste 661
Teste 662
Teste 663
Teste 664
Teste 665
Teste 666
Teste 667
Teste 668
Teste 669
Teste 670
Teste 671
Teste 672
Teste 673
Teste 674
Teste 675
Teste 676
Teste 677
Teste 678
Teste 679
Teste 680
Teste 681
Teste 682
Teste 683
Teste 684
Teste 685
Teste 686
Teste 687
Teste 688
Teste 689
Teste 690
Teste 691
Teste 692
Teste 693
Teste 694
Teste 695
Teste 696
Teste 697
Teste 698
Teste 699
Teste 700
Teste 701
Teste 702
Teste 703
Teste 704
Teste 705
Teste 706
Teste 707
Teste 708
Teste 709
Teste 710
Teste 711
Teste 712
Teste 713
Teste 714
Teste 715
Teste 716
Teste 717
Teste 718
Teste 719
Teste 720
Teste 721
Teste 722
Teste 723
Teste 724
Teste 725
Teste 726
Teste 727
Teste 728
Teste 729
Teste 730
Teste 731
Teste 732
Teste 733
Teste 734
Teste 735
Teste 736
Teste 737
Teste 738
Teste 739
Teste 740
Teste 741
Teste 742
Teste 743
Teste 744
Teste 745
Teste 746
Teste 747
Teste 748
Teste 749
Teste 750
Teste 751
Teste 752
Teste 753
Teste 754
Teste 755
Teste 756
Teste 757
Teste 758
Teste 759
Teste 760
Teste 761
Teste 762
Teste 763
Teste 764
Teste 765
Teste 766
Teste 767
Teste 768
Teste 769
Teste 770
Teste 771
Teste 772
Teste 773
Teste 774
Teste 775
Teste 776
Teste 777
Teste 778
Teste 779
Teste 780
Teste 781
Teste 782
Teste 783
Teste 784
Teste 785
Teste 786
Teste 787
Teste 788
Teste 789
Teste 790
Teste 791
Teste 792
Teste 793
Teste 794
Teste 795
Teste 796
Teste 797
Teste 798
Teste 799
Teste 800
Teste 801
Teste 802
Teste 803
Teste 804
Teste 805
Teste 806
Teste 807
Teste 808
Teste 809
Teste 810
Teste 811
Teste 812
Teste 813
Teste 814
Teste 815
Teste 816
Teste 817
Teste 818
Teste 819
Teste 820
Teste 821
Teste 822
Teste 823
Teste 824
Teste 825
Teste 826
Teste 827
Teste 828
Teste 829
Teste 830
Teste 831
Teste 832
Teste 833
Teste 834
Teste 835
Teste 836
Teste 837
Teste 838
Teste 839
Teste 840
Teste 841
Teste 842
Teste 843
Teste 844
Teste 845
Teste 846
Teste 847
Teste 848
Teste 849
Teste 850
Teste 851
Teste 852
Teste 853
Teste 854
Teste 855
Teste 856
Teste 857
Teste 858
Teste 859
Teste 860
Teste 861
Teste 862
Teste 863
Teste 864
Teste 865
Teste 866
Teste 867
Teste 868
Teste 869
Teste 870
Teste 871
Teste 872
Teste 873
Teste 874
Teste 875
Teste 876
Teste 877
Teste 878
Teste 879
Teste 880
Teste 881
Teste 882
Teste 883
Teste 884
Teste 885
Teste 886
Teste 887
Teste 888
Teste 889
Teste 890
Teste 891
Teste 892
Teste 893
Teste 894
Teste 895
Teste 896
Teste 897
Teste 898
Teste 899
Teste 900
Teste 901
Teste 902
Teste 903
Teste 904
Teste 905
Teste 906
Teste 907
Teste 908
Teste 909
Teste 910
Teste 911
Teste 912
Teste 913
Teste 914
Teste 915
Teste 916
Teste 917
Teste 918
Teste 919
Teste 920
Teste 921
Teste 922
Teste 923
Teste 924
Teste 925
Teste 926
Teste 927
Teste 928
Teste 929
Teste 930
Teste 931
Teste 932
Teste 933
Teste 934
Teste 935
Teste 936
Teste 937
Teste 938
Teste 939
Teste 940
Teste 941
Teste 942
Teste 943
Teste 944
Teste 945
Teste 946
Teste 947
Teste 948
Teste 949
Teste 950
Teste 951
Teste 952
Teste 953
Teste 954
Teste 955
Teste 956
Teste 957
Teste 958
Teste 959
Teste 960
Teste 961
Teste 962
Teste 963
Teste 964
Teste 965
Teste 966
Teste 967
Teste 968
Teste 969
Teste 970
Teste 971
Teste 972
Teste 973
Teste 974
Teste 975
Teste 976
Teste 977
Teste 978
Teste 979
Teste 980
Teste 981
Teste 982
Teste 983
Teste 984
Teste 985
Teste 986
Teste 987
Teste 988
Teste 989
Teste 990
Teste 991
Teste 992
Teste 993
Teste 994
Teste 995
Teste 996
Teste 997
Teste 998
Teste 999
Teste 1000
Teste 1001
Teste 1002
Teste 1003
Teste 1004
Teste 1005
Teste 1006
Teste 1007
Teste 1008
Teste 1009
Teste 1010
Teste 1011
Teste 1012
Teste 1013
Teste 1014
Teste 1015
Teste 1016
Teste 1017
Teste 1018
Teste 1019
Teste 1020
Teste 1021
Teste 1022
Teste 1023
Teste 1024
Teste 1025
Teste 1026
Teste 1027
Teste 1028
Teste 1029
Teste 1030
Teste 1031
Teste 1032
Teste 1033
Teste 1034
Teste 1035
Teste 1036
Teste 1037
Teste 1038
Teste 1039
Teste 1040
Teste 1041
Teste 1042
Teste 1043
Teste 1044
Teste 1045
Teste 1046
Teste 1047
Teste 1048
Teste 1049
Teste 1050
Teste 1051
Teste 1052
Teste 1053
Teste 1054
Teste 1055
Teste 1056
Teste 1057
Teste 1058
Teste 1059
Teste 1060
Teste 1061
Teste 1062
Teste 1063
Teste 1064
Teste 1065
Teste 1066
Teste 1067
Teste 1068
Teste 1069
Teste 1070
Teste 1071
Teste 1072
Teste 1073
Teste 1074
Teste 1075
Teste 1076
Teste 1077
Teste 1078
Teste 1079
Teste 1080
Teste 1081
Teste 1082
Teste 1083
Teste 1084
Teste 1085
Teste 1086
Teste 1087
Teste 1088
Teste 1089
Teste 1090
Teste 1091
Teste 1092
Teste 1093
Teste 1094
Teste 1095
Teste 1096
Teste 1097
Teste 1098
Teste 1099
Teste 1100
Teste 1101
Teste 1102
Teste 1103
Teste 1104
Teste 1105
Teste 1106
Teste 1107
Teste 1108
Teste 1109
Teste 1110
Teste 1111
Teste 1112
Teste 1113
Teste 1114
Teste 1115
Teste 1116
Teste 1117
Teste 1118
Teste 1119
Teste 1120
Teste 1121
Teste 1122
Teste 1123
Teste 1124
Teste 1125
Teste 1126
Teste 1127
Teste 1128
Teste 1129
Teste 1130
Teste 1131
Teste 1132
Teste 1133
Teste 1134
Teste 1135
Teste 1136
Teste 1137
Teste 1138
Teste 1139
Teste 1140
Teste 1141
Teste 1142
Teste 1143
Teste 1144
Teste 1145
Teste 1146
Teste 1147
Teste 1148
Teste 1149
Teste 1150
Teste 1151
Teste 1152
Teste 1153
Teste 1154
Teste 1155
Teste 1156
Teste 1157
Teste 1158
Teste 1159
Teste 1160
Teste 1161
Teste 1162
Teste 1163
Teste 1164
Teste 1165
Teste 1166
Teste 1167
Teste 1168
Teste 1169
Teste 1170
Teste 1171
Teste 1172
Teste 1173
Teste 1174
Teste 1175
Teste 1176
Teste 1177
Teste 1178
Teste 1179
Teste 1180
Teste 1181
Teste 1182
Teste 1183
Teste 1184
Teste 1185
Teste 1186
Teste 1187
Teste 1188
Teste 1189
Teste 1190
Teste 1191
Teste 1192
Teste 1193
Teste 1194
Teste 1195
Teste 1196
Teste 1197
Teste 1198
Teste 1199
Teste 1200
Teste 1201
Teste 1202
Teste 1203
Teste 1204
Teste 1205
Teste 1206
Teste 1207
Teste 1208
Teste 1209
Teste 1210
Teste 1211
Teste 1212
Teste 1213
Teste 1214
Teste 1215
Teste 1216
Teste 1217
Teste 1218
Teste 1219
Teste 1220
Teste 1221
Teste 1222
Teste 1223
Teste 1224
Teste 1225
Teste 1226
Teste 1227
Teste 1228
Teste 1229
Teste 1230
Teste 1231
Teste 1232
Teste 1233
Teste 1234
Teste 1235
Teste 1236
Teste 1237
Teste 1238
Teste 1239
Teste 1240
Teste 1241
Teste 1242
Teste 1243
Teste 1244
Teste 1245
Teste 1246
Teste 1247
Teste 1248
Teste 1249
Teste 1250
Teste 1251
Teste 1252
Teste 1253
Teste 1254
Teste 1255
Teste 1256
Teste 1257
Teste 1258
Teste 1259
Teste 1260
Teste 1261
Teste 1262
Teste 1263
Teste 1264
Teste 1265
Teste 1266
Teste 1267
Teste 1268
Teste 1269
Teste 1270
Teste 1271
Teste 1272
Teste 1273
Teste 1274
Teste 1275
Teste 1276
Teste 1277
Teste 1278
Teste 1279
Teste 1280
Teste 1281
Teste 1282
Teste 1283
Teste 1284
Teste 1285
Teste 1286
Teste 1287
Teste 1288
Teste 1289
Teste 1290
Teste 1291
Teste 1292
Teste 1293
Teste 1294
Teste 1295
Teste 1296
Teste 1297
Teste 1298
Teste 1299
Teste 1300
Teste 1301
Teste 1302
Teste 1303
Teste 1304
Teste 1305
Teste 1306
Teste 1307
Teste 1308
Teste 1309
Teste 1310
Teste 1311
Teste 1312
Teste 1313
Teste 1314
Teste 1315
Teste 1316
Teste 1317
Teste 1318
Teste 1319
Teste 1320
Teste 1321
Teste 1322
Teste 1323
Teste 1324
Teste 1325
Teste 1326
Teste 1327
Teste 1328
Teste 1329
Teste 1330
Teste 1331
Teste 1332
Teste 1333
Teste 1334
Teste 1335
Teste 1336
Teste 1337
Teste 1338
Teste 1339
Teste 1340
Teste 1341
Teste 1342
Teste 1343
Teste 1344
Teste 1345
Teste 1346
Teste 1347
Teste 1348
Teste 1349
Teste 1350
Teste 1351
Teste 1352
Teste 1353
Teste 1354
Teste 1355
Teste 1356
Teste 1357
Teste 1358
Teste 1359
Teste 1360
Teste 1361
Teste 1362
Teste 1363
Teste 1364
Teste 1365
Teste 1366
Teste 1367
Teste 1368
Teste 1369
Teste 1370
Teste 1371
Teste 1372
Teste 1373
Teste 1374
Teste 1375
Teste 1376
Teste 1377
Teste 1378
Teste 1379
Teste 1380
Teste 1381
Teste 1382
Teste 1383
Teste 1384
Teste 1385
Teste 1386
Teste 1387
Teste 1388
Teste 1389
Teste 1390
Teste 1391
Teste 1392
Teste 1393
Teste 1394
Teste 1395
Teste 1396
Teste 1397
Teste 1398
Teste 1399
Teste 1400
Teste 1401
Teste 1402
Teste 1403
Teste 1404
Teste 1405
Teste 1406
Teste 1407
Teste 1408
Teste 1409
Teste 1410
Teste 1411
Teste 1412
Teste 1413
Teste 1414
Teste 1415
Teste 1416
Teste 1417
Teste 1418
Teste 1419
Teste 1420
Teste 1421
Teste 1422
Teste 1423
Teste 1424
Teste 1425
Teste 1426
Teste 1427
Teste 1428
Teste 1429
Teste 1430
Teste 1431
Teste 1432
Teste 1433
Teste 1434
Teste 1435
Teste 1436
Teste 1437
Teste 1438
Teste 1439
Teste 1440
Teste 1441
Teste 1442
Teste 1443
Teste 1444
Teste 1445
Teste 1446
Teste 1447
Teste 1448
Teste 1449
Teste 1450
Teste 1451
Teste 1452
Teste 1453
Teste 1454
Teste 1455
Teste 1456
Teste 1457
Teste 1458
Teste 1459
Teste 1460
Teste 1461
Teste 1462
Teste 1463
Teste 1464
Teste 1465
Teste 1466
Teste 1467
Teste 1468
Teste 1469
Teste 1470
Teste 1471
Teste 1472
Teste 1473
Teste 1474
Teste 1475
Teste 1476
Teste 1477
Teste 1478
Teste 1479
Teste 1480
Teste 1481
Teste 1482
Teste 1483
Teste 1484
Teste 1485
Teste 1486
Teste 1487
Teste 1488
Teste 1489
Teste 1490
Teste 1491
Teste 1492
Teste 1493
Teste 1494
Teste 1495
Teste 1496
Teste 1497
Teste 1498
Teste 1499
Teste 1500
Teste 1501
Teste 1502
Teste 1503
Teste 1504
Teste 1505
Teste 1506
Teste 1507
Teste 1508
Teste 1509
Teste 1510
Teste 1511
Teste 1512
Teste 1513
Teste 1514
Teste 1515
Teste 1516
Teste 1517
Teste 1518
Teste 1519
Teste 1520
Teste 1521
Teste 1522
Teste 1523
Teste 1524
Teste 1525
Teste 1526
Teste 1527
Teste 1528
Teste 1529
Teste 1530
Teste 1531
Teste 1532
Teste 1533
Teste 1534
Teste 1535
Teste 1536
Teste 1537
Teste 1538
Teste 1539
Teste 1540
Teste 1541
Teste 1542
Teste 1543
Teste 1544
Teste 1545
Teste 1546
Teste 1547
Teste 1548
Teste 1549
Teste 1550
Teste 1551
Teste 1552
Teste 1553
Teste 1554
Teste 1555
Teste 1556
Teste 1557
Teste 1558
Teste 1559
Teste 1560
Teste 1561
Teste 1562
Teste 1563
Teste 1564
Teste 1565
Teste 1566
Teste 1567
Teste 1568
Teste 1569
Teste 1570
Teste 1571
Teste 1572
Teste 1573
Teste 1574
Teste 1575
Teste 1576
Teste 1577
Teste 1578
Teste 1579
Teste 1580
Teste 1581
Teste 1582
Teste 1583
Teste 1584
Teste 1585
Teste 1586
Teste 1587
Teste 1588
Teste 1589
Teste 1590
Teste 1591
Teste 1592
Teste 1593
Teste 1594
Teste 1595
Teste 1596
Teste 1597
Teste 1598
Teste 1599
Teste 1600
Teste 1601
Teste 1602
Teste 1603
Teste 1604
Teste 1605
Teste 1606
Teste 1607
Teste 1608
Teste 1609
Teste 1610
Teste 1611
Teste 1612
Teste 1613
Teste 1614
Teste 1615
Teste 1616
Teste 1617
Teste 1618
Teste 1619
Teste 1620
Teste 1621
Teste 1622
Teste 1623
Teste 1624
Teste 1625
Teste 1626
Teste 1627
Teste 1628
Teste 1629
Teste 1630
Teste 1631
Teste 1632
Teste 1633
Teste 1634
Teste 1635
Teste 1636
Teste 1637
Teste 1638
Teste 1639
Teste 1640
Teste 1641
Teste 1642
Teste 1643
Teste 1644
Teste 1645
Teste 1646
Teste 1647
Teste 1648
Teste 1649
Teste 1650
Teste 1651
Teste 1652
Teste 1653
Teste 1654
Teste 1655
Teste 1656
Teste 1657
Teste 1658
Teste 1659
Teste 1660
Teste 1661
Teste 1662
Teste 1663
Teste 1664
Teste 1665
Teste 1666
Teste 1667
Teste 1668
Teste 1669
Teste 1670
Teste 1671
Teste 1672
Teste 1673
Teste 1674
Teste 1675
Teste 1676
Teste 1677
Teste 1678
Teste 1679
Teste 1680
Teste 1681
Teste 1682
Teste 1683
Teste 1684
Teste 1685
Teste 1686
Teste 1687
Teste 1688
Teste 1689
Teste 1690
Teste 1691
Teste 1692
Teste 1693
Teste 1694
Teste 1695
Teste 1696
Teste 1697
Teste 1698
Teste 1699
Teste 1700
Teste 1701
Teste 1702
Teste 1703
Teste 1704
Teste 1705
Teste 1706
Teste 1707
Teste 1708
Teste 1709
Teste 1710
Teste 1711
Teste 1712
Teste 1713
Teste 1714
Teste 1715
Teste 1716
Teste 1717
Teste 1718
Teste 1719
Teste 1720
Teste 1721
Teste 1722
Teste 1723
Teste 1724
Teste 1725
Teste 1726
Teste 1727
Teste 1728
Teste 1729
Teste 1730
Teste 1731
Teste 1732
Teste 1733
Teste 1734
Teste 1735
Teste 1736
Teste 1737
Teste 1738
Teste 1739
Teste 1740
Teste 1741
Teste 1742
Teste 1743
Teste 1744
Teste 1745
Teste 1746
Teste 1747
Teste 1748
Teste 1749
Teste 1750
Teste 1751
Teste 1752
Teste 1753
Teste 1754
Teste 1755
Teste 1756
Teste 1757
Teste 1758
Teste 1759
Teste 1760
Teste 1761
Teste 1762
Teste 1763
Teste 1764
Teste 1765
Teste 1766
Teste 1767
Teste 1768
Teste 1769
Teste 1770
Teste 1771
Teste 1772
Teste 1773
Teste 1774
Teste 1775
Teste 1776
Teste 1777
Teste 1778
Teste 1779
Teste 1780
Teste 1781
Teste 1782
Teste 1783
Teste 1784
Teste 1785
Teste 1786
Teste 1787
Teste 1788
Teste 1789
Teste 1790
Teste 1791
Teste 1792
Teste 1793
Teste 1794
Teste 1795
Teste 1796
Teste 1797
Teste 1798
Teste 1799
Teste 1800
Teste 1801
Teste 1802
Teste 1803
Teste 1804
Teste 1805
Teste 1806
Teste 1807
Teste 1808
Teste 1809
Teste 1810
Teste 1811
Teste 1812
Teste 1813
Teste 1814
Teste 1815
Teste 1816
Teste 1817
Teste 1818
Teste 1819
Teste 1820
Teste 1821
Teste 1822
Teste 1823
Teste 1824
Teste 1825
Teste 1826
Teste 1827
Teste 1828
Teste 1829
Teste 1830
Teste 1831
Teste 1832
Teste 1833
Teste 1834
Teste 1835
Teste 1836
Teste 1837
Teste 1838
Teste 1839
Teste 1840
Teste 1841
Teste 1842
Teste 1843
Teste 1844
Teste 1845
Teste 1846
Teste 1847
Teste 1848
Teste 1849
Teste 1850
Teste 1851
Teste 1852
Teste 1853
Teste 1854
Teste 1855
Teste 1856
Teste 1857
Teste 1858
Teste 1859
Teste 1860
Teste 1861
Teste 1862
Teste 1863
Teste 1864
Teste 1865
Teste 1866
Teste 1867
Teste 1868
Teste 1869
Teste 1870
Teste 1871
Teste 1872
Teste 1873
Teste 1874
Teste 1875
Teste 1876
Teste 1877
Teste 1878
Teste 1879
Teste 1880
Teste 1881
Teste 1882
Teste 1883
Teste 1884
Teste 1885
Teste 1886
Teste 1887
Teste 1888
Teste 1889
Teste 1890
Teste 1891
Teste 1892
Teste 1893
Teste 1894
Teste 1895
Teste 1896
Teste 1897
Teste 1898
Teste 1899
Teste 1900
Teste 1901
Teste 1902
Teste 1903
Teste 1904
Teste 1905
Teste 1906
Teste 1907
Teste 1908
Teste 1909
Teste 1910
Teste 1911
Teste 1912
Teste 1913
Teste 1914
Teste 1915
Teste 1916
Teste 1917
Teste 1918
Teste 1919
Teste 1920
Teste 1921
Teste 1922
Teste 1923
Teste 1924
Teste 1925
Teste 1926
Teste 1927
Teste 1928
Teste 1929
Teste 1930
Teste 1931
Teste 1932
Teste 1933
Teste 1934
Teste 1935
Teste 1936
Teste 1937
Teste 1938
Teste 1939
Teste 1940
Teste 1941
Teste 1942
Teste 1943
Teste 1944
Teste 1945
Teste 1946
Teste 1947
Teste 1948
Teste 1949
Teste 1950
Teste 1951
Teste 1952
Teste 1953
Teste 1954
Teste 1955
Teste 1956
Teste 1957
Teste 1958
Teste 1959
Teste 1960
Teste 1961
Teste 1962
Teste 1963
Teste 1964
Teste 1965
Teste 1966
Teste 1967
Teste 1968
Teste 1969
Teste 1970
Teste 1971
Teste 1972
Teste 1973
Teste 1974
Teste 1975
Teste 1976
Teste 1977
Teste 1978
Teste 1979
Teste 1980
Teste 1981
Teste 1982
Teste 1983
Teste 1984
Teste 1985
Teste 1986
Teste 1987
Teste 1988
Teste 1989
Teste 1990
Teste 1991
Teste 1992
Teste 1993
Teste 1994
Teste 1995
Teste 1996
Teste 1997
Teste 1998
Teste 1999
Teste 2000
Teste 2001
Teste 2002
Teste 2003
Teste 2004
Teste 2005
Teste 2006
Teste 2007
Teste 2008
Teste 2009
Teste 2010
Teste 2011
Teste 2012
Teste 2013
Teste 2014
Teste 2015
Teste 2016
Teste 2017
Teste 2018
Teste 2019
Teste 2020
Teste 2021
Teste 2022
Teste 2023
Teste 2024
Teste 2025
Teste 2026
Teste 2027
Teste 2028
Teste 2029
Teste 2030
Teste 2031
Teste 2032
Teste 2033
Teste 2034
Teste 2035
Teste 2036
Teste 2037
Teste 2038
Teste 2039
Teste 2040
Teste 2041
Teste 2042
Teste 2043
Teste 2044
Teste 2045
Teste 2046
Teste 2047
Teste 2048
Teste 2049
Teste 2050
Teste 2051
Teste 2052
Teste 2053
Teste 2054
Teste 2055
Teste 2056
Teste 2057
Teste 2058
Teste 2059
Teste 2060
Teste 2061
Teste 2062
Teste 2063
Teste 2064
Teste 2065
Teste 2066
Teste 2067
Teste 2068
Teste 2069
Teste 2070
Teste 2071
Teste 2072
Teste 2073
Teste 2074
Teste 2075
Teste 2076
Teste 2077
Teste 2078
Teste 2079
Teste 2080
Teste 2081
Teste 2082
Teste 2083
Teste 2084
Teste 2085
Teste 2086
Teste 2087
Teste 2088
Teste 2089
Teste 2090
Teste 2091
Teste 2092
Teste 2093
Teste 2094
Teste 2095
Teste 2096
Teste 2097
Teste 2098
Teste 2099
Teste 2100
Teste 2101
Teste 2102
Teste 2103
Teste 2104
Teste 2105
Teste 2106
Teste 2107
Teste 2108
Teste 2109
Teste 2110
Teste 2111
Teste 2112
Teste 2113
Teste 2114
Teste 2115
Teste 2116
Teste 2117
Teste 2118
Teste 2119
Teste 2120
Teste 2121
Teste 2122
Teste 2123
Teste 2124
Teste 2125
Teste 2126
Teste 2127
Teste 2128
Teste 2129
Teste 2130
Teste 2131
Teste 2132
Teste 2133
Teste 2134
Teste 2135
Teste 2136
Teste 2137
Teste 2138
Teste 2139
Teste 2140
Teste 2141
Teste 2142
Teste 2143
Teste 2144
Teste 2145
Teste 2146
Teste 2147
Teste 2148
Teste 2149
Teste 2150
Teste 2151
Teste 2152
Teste 2153
Teste 2154
Teste 2155
Teste 2156
Teste 2157
Teste 2158
Teste 2159
Teste 2160
Teste 2161
Teste 2162
Teste 2163
Teste 2164
Teste 2165
Teste 2166
Teste 2167
Teste 2168
Teste 2169
Teste 2170
Teste 2171
Teste 2172
Teste 2173
Teste 2174
Teste 2175
Teste 2176
Teste 2177
Teste 2178
Teste 2179
Teste 2180
Teste 2181
Teste 2182
Teste 2183
Teste 2184
Teste 2185
Teste 2186
Teste 2187
Teste 2188
Teste 2189
Teste 2190
Teste 2191
Teste 2192
Teste 2193
Teste 2194
Teste 2195
Teste 2196
Teste 2197
Teste 2198
Teste 2199
Teste 2200
Teste 2201
Teste 2202
Teste 2203
Teste 2204
Teste 2205
Teste 2206
Teste 2207
Teste 2208
Teste 2209
Teste 2210
Teste 2211
Teste 2212
Teste 2213
Teste 2214
Teste 2215
Teste 2216
Teste 2217
Teste 2218
Teste 2219
Teste 2220
Teste 2221
Teste 2222
Teste 2223
Teste 2224
Teste 2225
Teste 2226
Teste 2227
Teste 2228
Teste 2229
Teste 2230
Teste 2231
Teste 2232
Teste 2233
Teste 2234
Teste 2235
Teste 2236
Teste 2237
Teste 2238
Teste 2239
Teste 2240
Teste 2241
Teste 2242
Teste 2243
Teste 2244
Teste 2245
Teste 2246
Teste 2247
Teste 2248
Teste 2249
Teste 2250
Teste 2251
Teste 2252
Teste 2253
Teste 2254
Teste 2255
Teste 2256
Teste 2257
Teste 2258
Teste 2259
Teste 2260
Teste 2261
Teste 2262
Teste 2263
Teste 2264
Teste 2265
Teste 2266
Teste 2267
Teste 2268
Teste 2269
